[    0.000000] Initializing cgroup subsys cpuset
[    0.000000] Initializing cgroup subsys cpu
[    0.000000] Initializing cgroup subsys cpuacct
[    0.000000] Linux version 4.4.0-133-generic (buildd@lgw01-amd64-029) (gcc version 5.4.0 20160609 (Ubuntu 5.4.0-6ubuntu1~16.04.10) ) #159-Ubuntu SMP Fri Aug 10 07:31:43 UTC 2018 (Ubuntu 4.4.0-133.159-generic 4.4.134)
[    0.000000] Command line: BOOT_IMAGE=/boot/vmlinuz-4.4.0-133-generic root=LABEL=cloudimg-rootfs ro console=tty1 console=ttyS0
[    0.000000] KERNEL supported cpus:
[    0.000000]   Intel GenuineIntel
[    0.000000]   AMD AuthenticAMD
[    0.000000]   Centaur CentaurHauls
[    0.000000] x86/fpu: xstate_offset[2]:  576, xstate_sizes[2]:  256
[    0.000000] x86/fpu: Supporting XSAVE feature 0x01: 'x87 floating point registers'
[    0.000000] x86/fpu: Supporting XSAVE feature 0x02: 'SSE registers'
[    0.000000] x86/fpu: Supporting XSAVE feature 0x04: 'AVX registers'
[    0.000000] x86/fpu: Enabled xstate features 0x7, context size is 832 bytes, using 'standard' format.
[    0.000000] x86/fpu: Using 'eager' FPU context switches.
[    0.000000] e820: BIOS-provided physical RAM map:
[    0.000000] BIOS-e820: [mem 0x0000000000000000-0x000000000009fbff] usable
[    0.000000] BIOS-e820: [mem 0x000000000009fc00-0x000000000009ffff] reserved
[    0.000000] BIOS-e820: [mem 0x00000000000f0000-0x00000000000fffff] reserved
[    0.000000] BIOS-e820: [mem 0x0000000000100000-0x000000003ffeffff] usable
[    0.000000] BIOS-e820: [mem 0x000000003fff0000-0x000000003fffffff] ACPI data
[    0.000000] BIOS-e820: [mem 0x00000000fec00000-0x00000000fec00fff] reserved
[    0.000000] BIOS-e820: [mem 0x00000000fee00000-0x00000000fee00fff] reserved
[    0.000000] BIOS-e820: [mem 0x00000000fffc0000-0x00000000ffffffff] reserved
[    0.000000] NX (Execute Disable) protection: active
[    0.000000] SMBIOS 2.5 present.
[    0.000000] Hypervisor detected: KVM
[    0.000000] e820: last_pfn = 0x3fff0 max_arch_pfn = 0x400000000
[    0.000000] MTRR: Disabled
[    0.000000] x86/PAT: MTRRs disabled, skipping PAT initialization too.
[    0.000000] CPU MTRRs all blank - virtualized system.
[    0.000000] x86/PAT: Configuration [0-7]: WB  WT  UC- UC  WB  WT  UC- UC  
[    0.000000] found SMP MP-table at [mem 0x0009fff0-0x0009ffff] mapped at [ffff88000009fff0]
[    0.000000] Scanning 1 areas for low memory corruption
[    0.000000] RAMDISK: [mem 0x3630c000-0x3717dfff]
[    0.000000] ACPI: Early table checksum verification disabled
[    0.000000] ACPI: RSDP 0x00000000000E0000 000024 (v02 VBOX  )
[    0.000000] ACPI: XSDT 0x000000003FFF0030 00003C (v01 VBOX   VBOXXSDT 00000001 ASL  00000061)
[    0.000000] ACPI: FACP 0x000000003FFF00F0 0000F4 (v04 VBOX   VBOXFACP 00000001 ASL  00000061)
[    0.000000] ACPI: DSDT 0x000000003FFF0470 0021FF (v02 VBOX   VBOXBIOS 00000002 INTL 20180105)
[    0.000000] ACPI: FACS 0x000000003FFF0200 000040
[    0.000000] ACPI: FACS 0x000000003FFF0200 000040
[    0.000000] ACPI: APIC 0x000000003FFF0240 00005C (v02 VBOX   VBOXAPIC 00000001 ASL  00000061)
[    0.000000] ACPI: SSDT 0x000000003FFF02A0 0001CC (v01 VBOX   VBOXCPUT 00000002 INTL 20180105)
[    0.000000] No NUMA configuration found
[    0.000000] Faking a node at [mem 0x0000000000000000-0x000000003ffeffff]
[    0.000000] NODE_DATA(0) allocated [mem 0x3ffeb000-0x3ffeffff]
[    0.000000] kvm-clock: Using msrs 4b564d01 and 4b564d00
[    0.000000] kvm-clock: cpu 0, msr 0:3ffe3001, primary cpu clock
[    0.000000] kvm-clock: using sched offset of 8629583399 cycles
[    0.000000] clocksource: kvm-clock: mask: 0xffffffffffffffff max_cycles: 0x1cd42e4dffb, max_idle_ns: 881590591483 ns
[    0.000000] Zone ranges:
[    0.000000]   DMA      [mem 0x0000000000001000-0x0000000000ffffff]
[    0.000000]   DMA32    [mem 0x0000000001000000-0x000000003ffeffff]
[    0.000000]   Normal   empty
[    0.000000]   Device   empty
[    0.000000] Movable zone start for each node
[    0.000000] Early memory node ranges
[    0.000000]   node   0: [mem 0x0000000000001000-0x000000000009efff]
[    0.000000]   node   0: [mem 0x0000000000100000-0x000000003ffeffff]
[    0.000000] Initmem setup node 0 [mem 0x0000000000001000-0x000000003ffeffff]
[    0.000000] ACPI: PM-Timer IO Port: 0x4008
[    0.000000] IOAPIC[0]: apic_id 2, version 32, address 0xfec00000, GSI 0-23
[    0.000000] ACPI: INT_SRC_OVR (bus 0 bus_irq 0 global_irq 2 dfl dfl)
[    0.000000] ACPI: INT_SRC_OVR (bus 0 bus_irq 9 global_irq 9 low level)
[    0.000000] Using ACPI (MADT) for SMP configuration information
[    0.000000] smpboot: Allowing 2 CPUs, 0 hotplug CPUs
[    0.000000] PM: Registered nosave memory: [mem 0x00000000-0x00000fff]
[    0.000000] PM: Registered nosave memory: [mem 0x0009f000-0x0009ffff]
[    0.000000] PM: Registered nosave memory: [mem 0x000a0000-0x000effff]
[    0.000000] PM: Registered nosave memory: [mem 0x000f0000-0x000fffff]
[    0.000000] e820: [mem 0x40000000-0xfebfffff] available for PCI devices
[    0.000000] Booting paravirtualized kernel on KVM
[    0.000000] clocksource: refined-jiffies: mask: 0xffffffff max_cycles: 0xffffffff, max_idle_ns: 7645519600211568 ns
[    0.000000] setup_percpu: NR_CPUS:512 nr_cpumask_bits:512 nr_cpu_ids:2 nr_node_ids:1
[    0.000000] PERCPU: Embedded 34 pages/cpu @ffff88003fc00000 s99544 r8192 d31528 u1048576
[    0.000000] PV qspinlock hash table entries: 256 (order: 0, 4096 bytes)
[    0.000000] Built 1 zonelists in Node order, mobility grouping on.  Total pages: 257912
[    0.000000] Policy zone: DMA32
[    0.000000] Kernel command line: BOOT_IMAGE=/boot/vmlinuz-4.4.0-133-generic root=LABEL=cloudimg-rootfs ro console=tty1 console=ttyS0
[    0.000000] PID hash table entries: 4096 (order: 3, 32768 bytes)
[    0.000000] Memory: 997712K/1048120K available (8550K kernel code, 1314K rwdata, 4004K rodata, 1528K init, 1316K bss, 50408K reserved, 0K cma-reserved)
[    0.000000] SLUB: HWalign=64, Order=0-3, MinObjects=0, CPUs=2, Nodes=1
[    0.000000] Kernel/User page tables isolation: enabled
[    0.000000] Hierarchical RCU implementation.
[    0.000000] 	Build-time adjustment of leaf fanout to 64.
[    0.000000] 	RCU restricting CPUs from NR_CPUS=512 to nr_cpu_ids=2.
[    0.000000] RCU: Adjusting geometry for rcu_fanout_leaf=64, nr_cpu_ids=2
[    0.000000] NR_IRQS:33024 nr_irqs:440 16
[    0.000000] Console: colour VGA+ 80x25
[    0.000000] console [tty1] enabled
[    0.000000] console [ttyS0] enabled
[    0.000000] tsc: Detected 2711.984 MHz processor
[    9.539552] Calibrating delay loop (skipped) preset value.. 5423.96 BogoMIPS (lpj=10847936)
[    9.632843] pid_max: default: 32768 minimum: 301
[    9.706875] ACPI: Core revision 20150930
[    9.732794] ACPI: 2 ACPI AML tables successfully acquired and loaded
[    9.787050] Security Framework initialized
[    9.809692] Yama: becoming mindful.
[    9.847442] AppArmor: AppArmor initialized
[    9.906384] Dentry cache hash table entries: 131072 (order: 8, 1048576 bytes)
[    9.977617] Inode-cache hash table entries: 65536 (order: 7, 524288 bytes)
[   10.051407] Mount-cache hash table entries: 2048 (order: 2, 16384 bytes)
[   10.112067] Mountpoint-cache hash table entries: 2048 (order: 2, 16384 bytes)
[   10.161839] Initializing cgroup subsys io
[   10.222841] Initializing cgroup subsys memory
[   10.258820] Initializing cgroup subsys devices
[   10.341291] Initializing cgroup subsys freezer
[   10.404357] Initializing cgroup subsys net_cls
[   10.429533] Initializing cgroup subsys perf_event
[   10.470340] Initializing cgroup subsys net_prio
[   10.521226] Initializing cgroup subsys hugetlb
[   10.570232] Initializing cgroup subsys pids
[   10.606728] mce: CPU supports 0 MCE banks
[   10.644539] Last level iTLB entries: 4KB 64, 2MB 8, 4MB 8
[   10.719764] Last level dTLB entries: 4KB 64, 2MB 0, 4MB 0, 1GB 4
[   10.759455] Spectre V2 : Mitigation: Full generic retpoline
[   10.797072] Spectre V2 : Speculation control IBPB not-supported IBRS not-supported
[   10.865142] Spectre V2 : Filling RSB on context switch
[   10.915110] Speculative Store Bypass: Vulnerable
[   11.016688] Freeing SMP alternatives memory: 32K
[   11.240624] ftrace: allocating 32262 entries in 127 pages
[   12.298977] smpboot: APIC(0) Converting physical 0 to logical package 0
[   12.351072] smpboot: Max logical packages: 1
[   12.413903] x2apic enabled
[   12.433058] Switched APIC routing to physical x2apic.
[   12.498951] ..TIMER: vector=0x30 apic1=0 pin1=2 apic2=-1 pin2=-1
[   12.632392] smpboot: CPU0: Intel(R) Core(TM) i7-6820HQ CPU @ 2.70GHz (family: 0x6, model: 0x5e, stepping: 0x3)
[   12.751363] Performance Events: unsupported p6 CPU model 94 no PMU driver, software events only.
[   12.800003] KVM setup paravirtual spinlock
[   12.833583] x86: Booting SMP configuration:
[   12.883654] .... node  #0, CPUs:      #1
[   12.924057] kvm-clock: cpu 1, msr 0:3ffe3041, secondary cpu clock
[   13.036441] mce: CPU supports 0 MCE banks
[   13.130795] x86: Booted up 1 node, 2 CPUs
[   13.177114] smpboot: Total of 2 processors activated (10847.93 BogoMIPS)
[   13.265642] devtmpfs: initialized
[   13.303678] evm: security.selinux
[   13.334933] evm: security.SMACK64
[   13.352406] evm: security.SMACK64EXEC
[   13.390982] evm: security.SMACK64TRANSMUTE
[   13.420609] evm: security.SMACK64MMAP
[   13.462766] evm: security.ima
[   13.480787] evm: security.capability
[   13.517783] clocksource: jiffies: mask: 0xffffffff max_cycles: 0xffffffff, max_idle_ns: 7645041785100000 ns
[   13.552035] futex hash table entries: 512 (order: 3, 32768 bytes)
[   13.589318] pinctrl core: initialized pinctrl subsystem
[   13.617437] RTC time:  2:42:27, date: 08/20/18
[   13.658944] NET: Registered protocol family 16
[   13.713136] cpuidle: using governor ladder
[   13.774454] cpuidle: using governor menu
[   13.817782] PCCT header not found.
[   13.849368] ACPI: bus type PCI registered
[   13.879296] acpiphp: ACPI Hot Plug PCI Controller Driver version: 0.5
[   13.918109] PCI: Using configuration type 1 for base access
[   13.983701] ACPI: Added _OSI(Module Device)
[   14.014901] ACPI: Added _OSI(Processor Device)
[   14.084423] ACPI: Added _OSI(3.0 _SCP Extensions)
[   14.171250] ACPI: Added _OSI(Processor Aggregator Device)
[   14.278493] ACPI: Executed 1 blocks of module-level executable AML code
[   14.356239] ACPI: Interpreter enabled
[   14.390099] ACPI: (supports S0 S5)
[   14.426495] ACPI: Using IOAPIC for interrupt routing
[   14.498854] PCI: Using host bridge windows from ACPI; if necessary, use "pci=nocrs" and report a bug
[   14.611236] ACPI: PCI Root Bridge [PCI0] (domain 0000 [bus 00-ff])
[   14.681832] acpi PNP0A03:00: _OSC: OS supports [ASPM ClockPM Segments MSI]
[   14.745324] acpi PNP0A03:00: _OSC: not requesting OS control; OS requires [ExtendedConfig ASPM ClockPM MSI]
[   14.861107] acpi PNP0A03:00: fail to add MMCONFIG information, can't access extended PCI configuration space under this bridge.
[   14.932061] PCI host bridge to bus 0000:00
[   14.947307] pci_bus 0000:00: root bus resource [io  0x0000-0x0cf7 window]
[   15.025148] pci_bus 0000:00: root bus resource [io  0x0d00-0xffff window]
[   15.165895] pci_bus 0000:00: root bus resource [mem 0x000a0000-0x000bffff window]
[   15.232679] pci_bus 0000:00: root bus resource [mem 0x40000000-0xfdffffff window]
[   15.309127] pci_bus 0000:00: root bus resource [bus 00-ff]
[   15.375217] pci 0000:00:01.1: legacy IDE quirk: reg 0x10: [io  0x01f0-0x01f7]
[   15.409393] pci 0000:00:01.1: legacy IDE quirk: reg 0x14: [io  0x03f6]
[   15.465796] pci 0000:00:01.1: legacy IDE quirk: reg 0x18: [io  0x0170-0x0177]
[   15.499948] pci 0000:00:01.1: legacy IDE quirk: reg 0x1c: [io  0x0376]
[   15.823695] pci 0000:00:07.0: quirk: [io  0x4000-0x403f] claimed by PIIX4 ACPI
[   15.951468] pci 0000:00:07.0: quirk: [io  0x4100-0x410f] claimed by PIIX4 SMB
[   16.312179] ACPI: PCI Interrupt Link [LNKA] (IRQs 5 9 10 *11)
[   16.500280] ACPI: PCI Interrupt Link [LNKB] (IRQs 5 9 *10 11)
[   16.631394] ACPI: PCI Interrupt Link [LNKC] (IRQs 5 *9 10 11)
[   16.681094] ACPI: PCI Interrupt Link [LNKD] (IRQs 5 9 10 *11)
[   16.879619] ACPI: Enabled 2 GPEs in block 00 to 07
[   17.049939] vgaarb: setting as boot device: PCI:0000:00:02.0
[   17.171866] vgaarb: device added: PCI:0000:00:02.0,decodes=io+mem,owns=io+mem,locks=none
[   17.468376] vgaarb: loaded
[   17.614886] vgaarb: bridge control possible 0000:00:02.0
[   17.756669] SCSI subsystem initialized
[   17.861662] ACPI: bus type USB registered
[   17.961487] usbcore: registered new interface driver usbfs
[   18.131969] usbcore: registered new interface driver hub
[   18.207855] usbcore: registered new device driver usb
[   18.375741] PCI: Using ACPI for IRQ routing
[   18.439143] NetLabel: Initializing
[   18.464714] NetLabel:  domain hash size = 128
[   18.547531] NetLabel:  protocols = UNLABELED CIPSOv4
[   18.665873] NetLabel:  unlabeled traffic allowed by default
[   18.789952] amd_nb: Cannot enumerate AMD northbridges
[   18.915090] clocksource: Switched to clocksource kvm-clock
[   19.102559] AppArmor: AppArmor Filesystem Enabled
[   19.225619] pnp: PnP ACPI init
[   19.332442] pnp: PnP ACPI: found 3 devices
[   19.389954] clocksource: acpi_pm: mask: 0xffffff max_cycles: 0xffffff, max_idle_ns: 2085701024 ns
[   19.579304] NET: Registered protocol family 2
[   19.640245] TCP established hash table entries: 8192 (order: 4, 65536 bytes)
[   19.844356] TCP bind hash table entries: 8192 (order: 5, 131072 bytes)
[   20.002878] TCP: Hash tables configured (established 8192 bind 8192)
[   20.182780] UDP hash table entries: 512 (order: 2, 16384 bytes)
[   20.362306] UDP-Lite hash table entries: 512 (order: 2, 16384 bytes)
[   20.457521] NET: Registered protocol family 1
[   20.612377] pci 0000:00:00.0: Limiting direct PCI/PCI transfers
[   20.823714] pci 0000:00:01.0: Activating ISA DMA hang workarounds
[   21.028949] Unpacking initramfs...
[   22.000307] Freeing initrd memory: 14792K
[   22.123547] platform rtc_cmos: registered platform RTC device (no PNP device found)
[   22.175303] Scanning for low memory corruption every 60 seconds
[   22.271542] audit: initializing netlink subsys (disabled)
[   22.388735] audit: type=2000 audit(1534732950.286:1): initialized
[   22.456331] Initialise system trusted keyring
[   22.518130] HugeTLB registered 2 MB page size, pre-allocated 0 pages
[   22.693035] zbud: loaded
[   22.705707] VFS: Disk quotas dquot_6.6.0
[   22.834656] VFS: Dquot-cache hash table entries: 512 (order 0, 4096 bytes)
[   22.955147] squashfs: version 4.0 (2009/01/31) Phillip Lougher
[   23.101380] fuse init (API version 7.23)
[   23.179341] Key type big_key registered
[   23.229481] Allocating IMA MOK and blacklist keyrings.
[   23.274469] Key type asymmetric registered
[   23.380761] Asymmetric key parser 'x509' registered
[   23.478966] Block layer SCSI generic (bsg) driver version 0.4 loaded (major 249)
[   23.603511] io scheduler noop registered
[   23.639509] io scheduler deadline registered (default)
[   23.701868] io scheduler cfq registered
[   23.760190] pci_hotplug: PCI Hot Plug PCI Core version: 0.5
[   23.828393] pciehp: PCI Express Hot Plug Controller Driver version: 0.4
[   23.921264] ACPI: AC Adapter [AC] (on-line)
[   23.953806] input: Power Button as /devices/LNXSYSTM:00/LNXPWRBN:00/input/input0
[   24.144418] ACPI: Power Button [PWRF]
[   24.208384] input: Sleep Button as /devices/LNXSYSTM:00/LNXSLPBN:00/input/input1
[   24.330951] ACPI: Sleep Button [SLPF]
[   24.382415] GHES: HEST is not enabled!
[   24.408958] Serial: 8250/16550 driver, 32 ports, IRQ sharing enabled
[   24.521255] 00:02: ttyS0 at I/O 0x3f8 (irq = 4, base_baud = 115200) is a 16550A
[   24.623734] Linux agpgart interface v0.103
[   24.683971] loop: module loaded
[   24.693660] scsi host0: ata_piix
[   24.729430] scsi host1: ata_piix
[   24.799041] ata1: PATA max UDMA/33 cmd 0x1f0 ctl 0x3f6 bmdma 0xd000 irq 14
[   24.887816] ata2: PATA max UDMA/33 cmd 0x170 ctl 0x376 bmdma 0xd008 irq 15
[   25.076611] libphy: Fixed MDIO Bus: probed
[   25.187969] tun: Universal TUN/TAP device driver, 1.6
[   25.339825] tun: (C) 1999-2004 Max Krasnyansky <maxk@qualcomm.com>
[   25.548652] PPP generic driver version 2.4.2
[   25.608029] ehci_hcd: USB 2.0 'Enhanced' Host Controller (EHCI) Driver
[   25.711416] ehci-pci: EHCI PCI platform driver
[   25.841670] ehci-platform: EHCI generic platform driver
[   25.939435] ohci_hcd: USB 1.1 'Open' Host Controller (OHCI) Driver
[   25.984128] ohci-pci: OHCI PCI platform driver
[   26.127350] ohci-platform: OHCI generic platform driver
[   26.237695] uhci_hcd: USB Universal Host Controller Interface driver
[   26.428282] i8042: PNP: PS/2 Controller [PNP0303:PS2K,PNP0f03:PS2M] at 0x60,0x64 irq 1,12
[   26.632528] serio: i8042 KBD port at 0x60,0x64 irq 1
[   26.697027] serio: i8042 AUX port at 0x60,0x64 irq 12
[   26.847846] mousedev: PS/2 mouse device common for all mice
[   27.019209] rtc_cmos rtc_cmos: rtc core: registered rtc_cmos as rtc0
[   27.099680] rtc_cmos rtc_cmos: alarms up to one day, 114 bytes nvram
[   27.238135] input: AT Translated Set 2 keyboard as /devices/platform/i8042/serio0/input/input2
[   27.238249] i2c /dev entries driver
[   27.238554] device-mapper: uevent: version 1.0.3
[   27.393172] device-mapper: ioctl: 4.34.0-ioctl (2015-10-28) initialised: dm-devel@redhat.com
[   27.393299] ledtrig-cpu: registered to indicate activity on CPUs
[   27.394333] NET: Registered protocol family 10
[   27.395346] NET: Registered protocol family 17
[   27.395368] Key type dns_resolver registered
[   27.395944] registered taskstats version 1
[   27.395971] Loading compiled-in X.509 certificates
[   27.396750] Loaded X.509 cert 'Build time autogenerated kernel key: 2bd7eec8ea2fedbeeda78e0b663eb647cf617c40'
[   27.396799] zswap: loaded using pool lzo/zbud
[   27.399723] Key type trusted registered
[   27.405478] Key type encrypted registered
[   27.405495] AppArmor: AppArmor sha1 policy hashing enabled
[   27.405507] ima: No TPM chip found, activating TPM-bypass!
[   27.405518] ima: Allocated hash algorithm: sha1
[   27.405571] evm: HMAC attrs: 0x1
[   27.407608]   Magic number: 14:408:713
[   27.417513] rtc_cmos rtc_cmos: setting system clock to 2018-08-20 02:42:41 UTC (1534732961)
[   27.417713] BIOS EDD facility v0.16 2004-Jun-25, 0 devices found
[   27.417714] EDD information not available.
[   29.430873] Freeing unused kernel memory: 1528K
[   29.533782] Write protecting the kernel read-only data: 14336k
[   30.373610] Freeing unused kernel memory: 1676K
[   30.610559] Freeing unused kernel memory: 92K
Loading, please wait...
starting version[   30.936208] random: udevadm: uninitialized urandom read (16 bytes read, 11 bits of entropy available)
 229
[   30.936609] random: systemd-udevd: uninitialized urandom read (16 bytes read, 11 bits of entropy available)
[   30.937060] random: systemd-udevd: uninitialized urandom read (16 bytes read, 11 bits of entropy available)
[   30.937102] random: systemd-udevd: uninitialized urandom read (16 bytes read, 11 bits of entropy available)
[   30.937150] random: systemd-udevd: uninitialized urandom read (16 bytes read, 11 bits of entropy available)
[   31.947724] random: udevadm: uninitialized urandom read (16 bytes read, 11 bits of entropy available)
[   32.060395] random: systemd-udevd: uninitialized urandom read (16 bytes read, 11 bits of entropy available)
[   32.437847] random: systemd-udevd: uninitialized urandom read (16 bytes read, 11 bits of entropy available)
[   32.448007] random: udevadm: uninitialized urandom read (16 bytes read, 11 bits of entropy available)
[   32.448124] random: udevadm: uninitialized urandom read (16 bytes read, 11 bits of entropy available)
[   33.056188] Fusion MPT base driver 3.04.20
[   33.207061] Copyright (c) 1999-2008 LSI Corporation
[   33.440662] e1000: Intel(R) PRO/1000 Network Driver - version 7.3.21-k8-NAPI
[   33.775686] e1000: Copyright (c) 1999-2006 Intel Corporation.
[   34.028134] Fusion MPT SPI Host driver 3.04.20
[   34.147803] AVX2 version of gcm_enc/dec engaged.
[   34.173812] AES CTR mode by8 optimization enabled
[   34.277253] input: ImExPS/2 Generic Explorer Mouse as /devices/platform/i8042/serio1/input/input4
[   35.424250] e1000 0000:00:03.0 eth0: (PCI:33MHz:32-bit) 02:48:3e:15:b5:0c
[   35.484735] e1000 0000:00:03.0 eth0: Intel(R) PRO/1000 Network Connection
[   35.566951] mptbase: ioc0: Initiating bringup
[   35.568511] e1000 0000:00:03.0 enp0s3: renamed from eth0
[   35.724455] ioc0: LSI53C1030 A0: Capabilities={Initiator}
[   36.073062] scsi host2: ioc0: LSI53C1030 A0, FwRev=00000000h, Ports=1, MaxQ=256, IRQ=20
[   36.433639] scsi 2:0:0:0: Direct-Access     VBOX     HARDDISK         1.0  PQ: 0 ANSI: 5
[   36.610728] scsi target2:0:0: Beginning Domain Validation
[   36.652387] scsi target2:0:0: Domain Validation skipping write tests
[   36.730667] scsi target2:0:0: Ending Domain Validation
[   36.877830] scsi target2:0:0: asynchronous
[   36.929816] scsi 2:0:1:0: Direct-Access     VBOX     HARDDISK         1.0  PQ: 0 ANSI: 5
[   37.108179] scsi target2:0:1: Beginning Domain Validation
[   37.222663] scsi target2:0:1: Domain Validation skipping write tests
[   37.379300] scsi target2:0:1: Ending Domain Validation
[   37.420693] scsi target2:0:1: asynchronous
[   37.639738] sd 2:0:0:0: Attached scsi generic sg0 type 0
[   37.640680] sd 2:0:0:0: [sda] 20971520 512-byte logical blocks: (10.7 GB/10.0 GiB)
[   37.641535] sd 2:0:0:0: [sda] Write Protect is off
[   37.641968] sd 2:0:0:0: [sda] Incomplete mode parameter data
[   37.641969] sd 2:0:0:0: [sda] Assuming drive cache: write through
[   37.649005]  sda: sda1
[   37.651413] sd 2:0:0:0: [sda] Attached SCSI disk
[   38.438337] sd 2:0:1:0: [sdb] 20480 512-byte logical blocks: (10.5 MB/10.0 MiB)
[   38.450693] sd 2:0:1:0: Attached scsi generic sg1 type 0
[   38.525227] sd 2:0:1:0: [sdb] Write Protect is off
[   38.638742] sd 2:0:1:0: [sdb] Incomplete mode parameter data
[   38.708182] sd 2:0:1:0: [sdb] Assuming drive cache: write through
[   38.926728] sd 2:0:1:0: [sdb] Attached SCSI disk
Begin: Loading e[   44.875741] md: linear personality registered for level -1
ssential drivers ... [   44.989291] md: multipath personality registered for level -4
[   45.115325] md: raid0 personality registered for level 0
[   45.215819] md: raid1 personality registered for level 1
[   45.424515] raid6: sse2x1   gen()  5074 MB/s
[   45.583436] raid6: sse2x1   xor()  3106 MB/s
[   45.683615] raid6: sse2x2   gen()  5688 MB/s
[   45.793488] raid6: sse2x2   xor()  3625 MB/s
[   45.925141] raid6: sse2x4   gen()  5643 MB/s
[   46.023565] raid6: sse2x4   xor()  3956 MB/s
[   46.173403] raid6: avx2x1   gen()  8105 MB/s
[   46.273662] raid6: avx2x2   gen() 10401 MB/s
[   46.423890] raid6: avx2x4   gen()  4984 MB/s
[   46.539859] raid6: using algorithm avx2x2 gen() 10401 MB/s
[   46.706532] raid6: using avx2x2 recovery algorithm
[   46.768333] xor: automatically using best checksumming function:
[   46.875802]    avx       :  3711.000 MB/sec
[   46.925226] async_tx: api initialized (async)
[   47.004182] md: raid6 personality registered for level 6
[   47.072398] md: raid5 personality registered for level 5
[   47.129510] md: raid4 personality registered for level 4
[   47.205677] md: raid10 personality registered for level 10
done.
Begin: Running /scripts/init-premount ... done.
Begin: Mounting root file system ... Begin: Running /scripts/local-top ... done.
Begin: Running /scripts/local-premount ... [   47.545995] Btrfs loaded
Scanning for Btrfs filesystems
done.
Warning: fsck not present, so skipping root file system
[   47.862493] EXT4-fs (sda1): mounted filesystem with ordered data mode. Opts: (null)
done.
Begin: Running /scripts/local-bottom ... done.
Begin: Running /scripts/init-bottom ... done.
[   48.251441] random: nonblocking pool is initialized
[   48.815252] systemd[1]: systemd 229 running in system mode. (+PAM +AUDIT +SELINUX +IMA +APPARMOR +SMACK +SYSVINIT +UTMP +LIBCRYPTSETUP +GCRYPT +GNUTLS +ACL +XZ -LZ4 +SECCOMP +BLKID +ELFUTILS +KMOD -IDN)
[   49.116800] systemd[1]: Detected virtualization oracle.
[   49.209443] systemd[1]: Detected architecture x86-64.

Welcome to [1mUbuntu 16.04.5 LTS[0m!

[   49.365832] systemd[1]: Set hostname to <ubuntu>.
[   49.491685] systemd[1]: Initializing machine ID from random generator.
[   49.630747] systemd[1]: Installed transient /etc/machine-id file.
[   50.576328] systemd[1]: Started Trigger resolvconf update for networkd DNS.
[[0;32m  OK  [0m] Started Trigger resolvconf update for networkd DNS.
[   50.801774] systemd[1]: Reached target Swap.
[[0;32m  OK  [0m] Reached target Swap.
[   50.981749] systemd[1]: Started Forward Password Requests to Wall Directory Watch.
[[0;32m  OK  [0m] Started Forward Password Requests to Wall Directory Watch.
[   51.277529] systemd[1]: Listening on LVM2 metadata daemon socket.
[[0;32m  OK  [0m] Listening on LVM2 metadata daemon socket.
[   51.536266] systemd[1]: Created slice User and Session Slice.
[[0;32m  OK  [0m] Created slice User and Session Slice.
[   51.753741] systemd[1]: Listening on Syslog Socket.
[[0;32m  OK  [0m] Listening on Syslog Socket.
[   51.960936] systemd[1]: Set up automount Arbitrary Executable File Formats File System Automount Point.
[[0;32m  OK  [0m] Set up automount Arbitrary Executab...ats File System Automount Point.
[   52.532703] systemd[1]: Listening on /dev/initctl Compatibility Named Pipe.
[[0;32m  OK  [0m] Listening on /dev/initctl Compatibility Named Pipe.
[   52.901133] systemd[1]: Listening on Journal Socket.
[[0;32m  OK  [0m] Listening on Journal Socket.
[   53.021499] systemd[1]: Listening on Journal Audit Socket.
[[0;32m  OK  [0m] Listening on Journal Audit Socket.
[   53.224830] systemd[1]: Listening on Journal Socket (/dev/log).
[[0;32m  OK  [0m] Listening on Journal Socket (/dev/log).
[   53.344806] systemd[1]: Reached target User and Group Name Lookups.
[[0;32m  OK  [0m] Reached target User and Group Name Lookups.
[   53.476844] systemd[1]: Listening on udev Kernel Socket.
[[0;32m  OK  [0m] Listening on udev Kernel Socket.
[   53.609204] systemd[1]: Listening on LVM2 poll daemon socket.
[[0;32m  OK  [0m] Listening on LVM2 poll daemon socket.
[   53.812376] systemd[1]: Reached target Encrypted Volumes.
[[0;32m  OK  [0m] Reached target Encrypted Volumes.
[   53.936613] systemd[1]: Reached target System Time Synchronized.
[[0;32m  OK  [0m] Reached target System Time Synchronized.
[   54.127207] systemd[1]: Listening on udev Control Socket.
[[0;32m  OK  [0m] Listening on udev Control Socket.
[   54.217334] systemd[1]: Created slice System Slice.
[[0;32m  OK  [0m] Created slice System Slice.
[   54.387724] systemd[1]: Starting Load Kernel Modules...
[   54.444237] Loading iSCSI transport class v2.0-870.
         Starting Load Kernel Mo[   54.563308] iscsi: registered transport (tcp)
dules...
[   54.635748] systemd[1]: Starting Remount Root and Kernel File Systems...
         Starting Remount Root and Kernel File Systems...[   54.762372] EXT4-fs (sda1): re-mounted. Opts: (null)

[   54.915999] systemd[1]: Starting Nameserver information manager...
         Starting Nameserver information manager...
[   55.011548] systemd[1]: Starting Set console keymap...
[   55.101595] iscsi: registered transport (iser)
         Starting Set console keymap...
[   55.170520] systemd[1]: Mounting POSIX Message Queue File System...
         Mounting POSIX Message Queue File System...
[   55.306180] systemd[1]: Starting Journal Service...
         Starting Journal Service...
[   55.379826] systemd[1]: Mounting Debug File System...
         Mounting Debug File System...
[   55.420938] systemd[1]: Starting Create list of required static device nodes for the current kernel...
         Starting Create list of required st... nodes for the current kernel...
[   55.528239] systemd[1]: Starting Uncomplicated firewall...
         Starting Uncomplicated firewall...
[   55.621688] systemd[1]: Created slicesystem-serial\x2dgetty.slice.
[[0;32m  OK  [0m] Created slice system-serial\x2dgetty.slice.
[   56.107820] systemd[1]: Mounting Huge Pages File System...
         Mounting Huge Pages File System...
[   56.192047] systemd[1]: Reached target Slices.
[[0;32m  OK  [0m] Reached target Slices.
[   56.217222] systemd[1]: Listening on Device-mapper event daemon FIFOs.
[[0;32m  OK  [0m] Listening on Device-mapper event daemon FIFOs.
[   56.547846] systemd[1]: Starting Monitoring of LVM2 mirrors, snapshots etc. using dmeventd or progress polling...
         Starting Monitoring of LVM2 mirrors... dmeventd or progress polling...
[   56.673519] systemd[1]: Mounted Debug File System.
[[0;32m  OK  [0m] Mounted Debug File System.
[   56.748525] systemd[1]: Mounted POSIX Message Queue File System.
[[0;32m  OK  [0m] Mounted POSIX Message Queue File System.
[   56.884262] systemd[1]: Mounted Huge Pages File System.
[[0;32m  OK  [0m] Mounted Huge Pages File System.
[   57.012764] systemd[1]: Started Journal Service.
[[0;32m  OK  [0m] Started Journal Service.
[[0;32m  OK  [0m] Started Load Kernel Modules.
[[0;32m  OK  [0m] Started Remount Root and Kernel File Systems.
[[0;32m  OK  [0m] Started Set console keymap.
[[0;32m  OK  [0m] Started Create list of required sta...ce nodes for the current kernel.
[[0;32m  OK  [0m] Started Uncomplicated firewall.
[[0;32m  OK  [0m] Started Nameserver information manager.
[[0;32m  OK  [0m] Started LVM2 metadata daemon.
         Starting Create Static Device Nodes in /dev...
         Starting udev Coldplug all Devices...
         Starting Load/Save Random Seed...
         Starting Apply Kernel Variables...
         Mounting FUSE Control File System...
         Starting Flush Journal to Persistent Storage...
[[0;32m  OK  [0m] Mounted FUSE Control File System.
[[0;32m  OK  [0m] Started Monitoring of LVM2 mirrors,...ng dmeventd or progress polling.
[[0;32m  OK  [0m] Started Create Static Device Nodes in /dev.
[[0;32m  OK  [0m] Started Load/Save Random Seed.
[[0;32m  OK  [0m] Started Apply Kernel Variables.
[[0;32m  OK  [0m] Started udev Coldplug all Devices.
[[0;32m  OK  [0m] Started Flush Journal to Persistent Storage.
         Starting udev Kernel Device Manager...
[[0;32m  OK  [0m] Started udev Kernel Device Manager.
[[0;32m  OK  [0m] Reached target Local File Systems (Pre).
[[0;32m  OK  [0m] Reached target Local File Systems.
         Starting Create Volatile Files and Directories...
         Starting Tell Plymouth To Write Out Runtime Data...
         Starting Set console font and keymap...
         Starting LSB: AppArmor initialization...
         Starting Initial cloud-init job (pre-networking)...
         Starting Commit a transient machine-id on disk...
[[0;32m  OK  [0m] Started Dispatch Password Requests to Console Directory Watch.
[[0;32m  OK  [0m] Started Create Volatile Files and Directories.
[   49.423180] cloud-init[613]: Cloud-init v. 18.3-9-g2e62cb8a-0ubuntu1~16.04.2 running 'init-local' at Mon, 20 Aug 2018 02:43:18 +0000. Up 47.89 seconds.
[[0;32m  OK  [0m] Started Tell Plymouth To Write Out Runtime Data.
[[0;32m  OK  [0m] Started Commit a transient machine-id on disk.
[[0;32m  OK  [0m] Started Set console font and keymap.
[[0;32m  OK  [0m] Started Initial cloud-init job (pre-networking).
[[0;32m  OK  [0m] Found device /dev/ttyS0.
[[0;32m  OK  [0m] Listening on Load/Save RF Kill Switch Status /dev/rfkill Watch.
[[0;32m  OK  [0m] Reached target Network (Pre).
[[0;32m  OK  [0m] Created slice system-getty.slice.
         Starting Update UTMP about System Boot/Shutdown...
[[0;32m  OK  [0m] Started Update UTMP about System Boot/Shutdown.
[[0;32m  OK  [0m] Started LSB: AppArmor initialization.
         Starting Raise network interfaces...
[[0;32m  OK  [0m] Started Raise network interfaces.
[[0;32m  OK  [0m] Reached target Network.
         Starting Initial cloud-init job (metadata service crawler)...
[   58.751132] cloud-init[926]: Cloud-init v. 18.3-9-g2e62cb8a-0ubuntu1~16.04.2 running 'init' at Mon, 20 Aug 2018 02:43:26 +0000. Up 56.50 seconds.
[   59.127337] [[0;32m  OK  [0m] Started Initial cloud-init job (metadata service crawler).
cloud-init[926]: ci-info: ++++++++++++++++++++++++++++++++++++++Net device info++++++++++++++++++++++++++++++++++++++
[[0;32m  OK  [0m[   59.257482] ] cloud-initReached target System Initialization.[926]: 
ci-info: +--------+------+----------------------------+---------------+--------+-------------------+
[   59.263703]          Starting LXD - unix socket.
[[0;32m  OK  [0m] Started Daily Cleanup of Temporary Directories.
cloud-init[926]: ci-info: | Device |  Up  |          Address           |      Mask     | Scope  |     Hw-Address    |
[   59.646061] cloud-init[926]: ci-info: +--------+------+----------------------------+---------------+--------+-------------------+
[   59.814078] [[0;32m  OK  [0m] Started ACPI Events Check.
cloud-init[926]: ci-info: | enp0s3 | True |         10.0.2.15          | 255.255.255.0 | global | 02:48:3e:15:b5:0c |
[   60.158126] cloud-init[926]: ci-info: | enp0s3 | True | fe80::48:3eff:fe15:b50c/64 |       .       |  link  | 02:48:3e:15:b5:0c |
[[0;32m  OK  [0m] Reached target Paths.
[   60.163733] cloud-init[926]: ci-info: |   lo   | True |         127.0.0.1          |   255.0.0.0   |  host  |         .         |
         Starting Socket activation for snappy daemon.
[[0;32m  OK  [0m] Started Daily apt download activities.
[[0;32m  OK  [0m] Started Daily apt upgrade and clean activities.
[   60.342399] cloud-init[926]: ci-info: |   lo   | True |          ::1/128           |       .       |  host  |         .         |
[   60.693753] cloud-init[926]: ci-info: +--------+------+----------------------------+---------------+--------+-------------------+
[   60.708735] cloud-init[926]: ci-info: +++++++++++++++++++++++++++Route IPv4 info++++++++++++++++++++++++++++
[   60.709160] cloud-init[926]: ci-info: +-------+-------------+----------+---------------+-----------+-------+
[   60.710511] cloud-init[926]: ci-info: | Route | Destination | Gateway  |    Genmask    | Interface | Flags |
[   60.710884] cloud-init[926]: ci-info: +-------+-------------+----------+---------------+-----------+-------+
[   60.711171] cloud-init[926]: ci-info: |   0   |   0.0.0.0   | 10.0.2.2 |    0.0.0.0    |   enp0s3  |   UG  |
[   60.711743] cloud-init[926]: ci-info: |   1   |   10.0.2.0  | 0.0.0.0  | 255.255.255.0 |   enp0s3  |   U   |
[   60.712057] cloud-init[926]: ci-info: +-------+-------------+----------+---------------+-----------+-------+
[   60.712185] cloud-init[926]: ci-info: +++++++++++++++++++Route IPv6 info+++++++++++++++++++
[   60.712429] cloud-init[926]: ci-info: +-------+-------------+---------+-----------+-------+
[[0;32m  OK  [0m] Reached target Timers.
[[0;32m  OK  [0m] Listening on ACPID Listen Socket.
[   60.713193] cloud-init[926]: ci-info: | Route | Destination | Gateway | Interface | Flags |
[[0;32m  OK  [0m] Listening on D-Bus System Message Bus Socket.
[   62.009653] cloud-init[926]: ci-info: +-------+-------------+---------+-----------+-------+
[[0;32m  OK  [0m] Listening on UUID daemon activation socket.
[[0;32m  OK  [0m] Reached target Network is Online.
[   62.168753] cloud-init[926]: ci-info: |   0   |  fe80::/64  |    ::   |   enp0s3  |   U   |
         Starting iSCSI initiator daemon (iscsid)...
[   62.459979] cloud-init[926]: ci-info: |   4   |   ff00::/8  |    ::   |   enp0s3  |   U   |
[[0;32m  OK  [0m] Reached target Cloud-config availability.
[[0;32m  OK  [0m] Listening on LXD - unix socket.
[   62.471595] cloud-init[926]: ci-info: +-------+-------------+---------+-----------+-------+
[[0;32m  OK  [0m] Listening on Socket activation for snappy daemon.
[   62.718397] cloud-init[926]: Generating public/private rsa key pair.
[[0;32m  OK  [0m] Reached target Sockets.
[   62.936671] cloud-init[926]: Your identification has been saved in /etc/ssh/ssh_host_rsa_key.
[   63.057118] [cloud-init[0;32m  OK  [0m[926]: ] Your public key has been saved in /etc/ssh/ssh_host_rsa_key.pub.Reached target Basic System.

[   63.065650] cloud-init[926]: The key fingerprint is:
[   63.280454] cloud-init[926]: SHA256:2jURqLO5t3f8nmX4rhq/KkHn19yR+/TQi1h+nyiUzrw root@ubuntu-xenial
[[0;32m  OK  [0m] Started FUSE filesystem for LXC.
[   63.291772] cloud-init[926]: The key's randomart image is:
[   63.464959]          Starting /etc/rc.local Compatibility...
cloud-init[926]: +---[RSA 2048]----+
         Starting Pollinate to seed the pseudo random number generator...
[[0;32m  OK  [0m] Started Unattended Upgrades Shutdown.
[   63.532904] cloud-init[926]: |         ..      |
[   63.657868] cloud-init[926]: |        .  .     |
[   63.662237] cloud-init[926]: |       .  .     .|
[   63.662465] cloud-init[926]: |      o   ...  o |
[   63.662570] cloud-init[926]: |       +S.oo.  ++|
[   63.662698] cloud-init[926]: |      oo ..+..oo*|
[   63.662781] cloud-init[926]: |      ... =o=.oo*|
[   63.666009] cloud-init[926]: |      . . o*o=.B+|
[   63.666191] cloud-init[926]: |       ..o E=*O==|
[   63.666433] cloud-init[926]: +----[SHA256]-----+
[   63.666596] cloud-init[926]: Generating public/private dsa key pair.
[   63.666697] cloud-init[926]: Your identification has been saved in /etc/ssh/ssh_host_dsa_key.
[   63.666776] cloud-init[926]: Your public key has been saved in /etc/ssh/ssh_host_dsa_key.pub.
[   63.667172] cloud-init[926]: The key fingerprint is:
[   63.667451] cloud-init[926]: SHA256:mCghhBOLLZQCuuYb5/B8fH/AFdko4alYSzJjmdtj8Yo root@ubuntu-xenial
[   63.667638] cloud-init[926]: The key's randomart image is:
[   63.667772] cloud-init[926]: +---[DSA 1024]----+
[   63.668164] cloud-init[926]: |=+.      .. +    |
         Starting LSB: MD monitoring daemon...
[   63.669282] cloud-init[926]: |O+    o ...+ .   |
[   64.919503]          cloud-initStarting Login Service...[926]: 
|B.o  B + o. .    |
[   65.001758] cloud-init[926]: | + ...Xo=  .     |
         Starting System Logging Service...
[   65.009544] cloud-init[926]: |... .oo*S..      |
[   65.150013] cloud-init[926]: |o  .  o oo       |
[   65.156116] cloud-init[926]: | + ..E .  .      |
         Starting LXD - container startup/shutdown...
[   65.156657] cloud-init[926]: |  O  o .   .     |
[   65.346624] cloud-init[926]: | . +. . ...      |
[   65.353090] cloud-init[926]: +----[SHA256]-----+
[   65.353279] cloud-init[926]: Generating public/private ecdsa key pair.
[[0;32m  OK  [0m] Started D-Bus System Message Bus.
[   65.353635] cloud-init[926]: Your identification has been saved in /etc/ssh/ssh_host_ecdsa_key.
[   65.587952] cloud-init[926]: Your public key has been saved in /etc/ssh/ssh_host_ecdsa_key.pub.
[[0;32m  OK  [0m] Started Regular background program processing daemon.
[   65.595460] cloud-init[926]: The key fingerprint is:
[   65.649405] cloud-init         Starting LSB: Record successful boot for GRUB...
[926]: SHA256:MWDr6z1UDl9zR9ej47XLkcbpDD/YZf4RKbHZ5BKGbbs root@ubuntu-xenial
[   65.770195] [cloud-init[0;32m  OK  [0m[926]: ] The key's randomart image is:Started ACPI event daemon.

[   65.779615] cloud-init[926]: +---[ECDSA 256]---+
[   65.892176] cloud-init[926]: |      o         .|
[   65.898112] cloud-init[926]: |     . o    o  .+|
[   65.899091] cloud-init[926]: |      . o  . *.oo|
[   65.899219] cloud-init[926]: |     .  .o. =o@.o|
[   65.899424] cloud-init[926]: |      . S= ..O+*+|
[   65.899552] cloud-init[926]: |       .. o  o+B+|
[   65.899666] cloud-init[926]: |      ..     EX++|
[   65.899778] cloud-init[926]: |     . ..    . Oo|
[   65.899945] cloud-init[926]: |      . ..      +|
[   65.900027] cloud-init[926]: +----[SHA256]-----+
[   65.900100] cloud-init[926]: Generating public/private ed25519 key pair.
[   65.900166] cloud-init[926]: Your identification has been saved in /etc/ssh/ssh_host_ed25519_key.
         Starting Accounts Service...
[   65.908575] cloud-init[926]: Your public key has been saved in /etc/ssh/ssh_host_ed25519_key.pub.
[   66.593797] cloud-init[926]: The key fingerprint is:
[[0;32m  OK  [0m] Started Deferred execution scheduler.
[   66.598850] cloud-init[926]: SHA256:5a8jgaErXm4VI71yPMrektkHwkGL7ub76gQp8zMpVP8 root@ubuntu-xenial
[   66.714103]          cloud-init[926]: The key's randomart image is:
[   66.723310] cloud-init[926]: +--[ED25519 256]--+
[   66.723507] cloud-init[926]: |                 |
[   66.723949] cloud-init[926]: |    .            |
[   66.724322] cloud-init[926]: |   + o    .      |
[   66.724545] cloud-init[926]: | .o = =  o       |
[   66.724745] cloud-init[926]: |=o . * *S .      |
[   66.725113] cloud-init[926]: |o+..= X .  .     |
[   66.725419] cloud-init[926]: |..*..@ E .  .    |
[   66.725628] cloud-init[926]: | o+=O.. o ..     |
[   66.726756] cloud-init[926]: | =*B+... ...     |
[   66.726878] cloud-init[926]: +----[SHA256]-----+
Starting Virtualbox guest utils...
         Starting Snappy daemon...
[[0;32m  OK  [0m] Started System Logging Service.
[[0;32m  OK  [0m] Started iSCSI initiator daemon (iscsid).
[[0;32m  OK  [0m] Started /etc/rc.local Compatibility.
[[0;32m  OK  [0m] Started Pollinate to seed the pseudo random number generator.
[[0;32m  OK  [0m] Started LXD - container startup/shutdown.
[[0;32m  OK  [0m] Started LSB: MD monitoring daemon.
[[0;32m  OK  [0m] Started LSB: Record successful boot for GRUB.
[[0;32m  OK  [0m] Started Login Service.
         Starting Authenticate and Authorize Users to Run Privileged Tasks...
         Starting OpenBSD Secure Shell server...
         Starting Login to default iSCSI targets...
[[0;32m  OK  [0m] Started Snappy daemon.
[[0;32m  OK  [0m] Started OpenBSD Secure Shell server.
[[0;32m  OK  [0m] Started Virtualbox guest utils.
[[0;32m  OK  [0m] Started Authenticate and Authorize Users to Run Privileged Tasks.
[[0;32m  OK  [0m] Started Accounts Service.
[[0;32m  OK  [0m] Started Login to default iSCSI targets.
[[0;32m  OK  [0m] Reached target Remote File Systems (Pre).
[[0;32m  OK  [0m] Reached target Remote File Systems.
         Starting Permit User Sessions...
         Starting LSB: daemon to balance interrupts for SMP systems...
         Starting LSB: Set the CPU Frequency Scaling governor to "ondemand"...
         Starting LSB: automatic crash report generation...
         Starting Wait until snapd is fully seeded...
[[0;32m  OK  [0m] Started Permit User Sessions.
[[0;32m  OK  [0m] Started LSB: Set the CPU Frequency Scaling governor to "ondemand".
[[0;32m  OK  [0m] Started LSB: daemon to balance interrupts for SMP systems.
[[0;32m  OK  [0m] Started LSB: automatic crash report generation.
         Starting Terminate Plymouth Boot Screen...
         Starting Hold until boot process finishes up...
[[0;32m  OK  [0m] Started Terminate Plymouth Boot Screen.
[[0;32m  OK  [0m] Started Hold until boot process finishes up.
[[0;32m  OK  [0m] Started Serial Getty on ttyS0.
[[0;32m  OK  [0m] Started Getty on tty1.
[[0;32m  OK  [0m] Reached target Login Prompts.
         Starting Set console scheme...
[[0;32m  OK  [0m] Started Set console scheme.
[[0;32m  OK  [0m] Created slice User Slice of vagrant.
[[0;32m  OK  [0m] Started Session 1 of user vagrant.
         Starting User Manager for UID 1000...
[[0;32m  OK  [0m] Started User Manager for UID 1000.
[[0;32m  OK  [0m] Started Wait until snapd is fully seeded.
[[0;32m  OK  [0m] Reached target Multi-User System.
[[0;32m  OK  [0m] Reached target Graphical Interface.
         Starting Update UTMP about System Runlevel Changes...
         Starting Apply the settings specified in cloud-config...
[[0;32m  OK  [0m] Started Update UTMP about System Runlevel Changes.
[   72.945431] cloud-init[1326]: Generating locales (this might take a while)...
[   74.258562] cloud-init[1326]:   en_US.UTF-8... done
[   74.289141] cloud-init[1326]: Generation complete.
[   74.803171] cloud-init[1326]: Cloud-init v. 18.3-9-g2e62cb8a-0ubuntu1~16.04.2 running 'modules:config' at Mon, 20 Aug 2018 02:43:42 +0000. Up 72.63 seconds.
[[0;32m  OK  [0m] Started Apply the settings specified in cloud-config.
         Starting Execute cloud user/final scripts...

Ubuntu 16.04.5 LTS ubuntu-xenial ttyS0

ubuntu-xenial login: ci-info: no authorized ssh keys fingerprints found for user ubuntu.
<14>Aug 20 02:43:47 ec2: 
<14>Aug 20 02:43:47 ec2: #############################################################
<14>Aug 20 02:43:47 ec2: -----BEGIN SSH HOST KEY FINGERPRINTS-----
<14>Aug 20 02:43:47 ec2: 1024 SHA256:mCghhBOLLZQCuuYb5/B8fH/AFdko4alYSzJjmdtj8Yo root@ubuntu-xenial (DSA)
<14>Aug 20 02:43:47 ec2: 256 SHA256:MWDr6z1UDl9zR9ej47XLkcbpDD/YZf4RKbHZ5BKGbbs root@ubuntu-xenial (ECDSA)
<14>Aug 20 02:43:47 ec2: 256 SHA256:5a8jgaErXm4VI71yPMrektkHwkGL7ub76gQp8zMpVP8 root@ubuntu-xenial (ED25519)
<14>Aug 20 02:43:47 ec2: 2048 SHA256:2jURqLO5t3f8nmX4rhq/KkHn19yR+/TQi1h+nyiUzrw root@ubuntu-xenial (RSA)
<14>Aug 20 02:43:47 ec2: -----END SSH HOST KEY FINGERPRINTS-----
<14>Aug 20 02:43:47 ec2: #############################################################
-----BEGIN SSH HOST KEY KEYS-----
ecdsa-sha2-nistp256 AAAAE2VjZHNhLXNoYTItbmlzdHAyNTYAAAAIbmlzdHAyNTYAAABBBIe+bHVldwnd2igYFpMXuZH+K6WhY5dMvId7sDhe9eGrpiNA5gDLRAUtvBcJoPiXlNCHLBOZXfCbIbxAnSYE6Hk= root@ubuntu-xenial
ssh-ed25519 AAAAC3NzaC1lZDI1NTE5AAAAIAcaHmFttQ8c1FeUKT4+ihwO2ZY5zK941hM75dberVtX root@ubuntu-xenial
ssh-rsa AAAAB3NzaC1yc2EAAAADAQABAAABAQDezyg57AbRriwxlzrjSJVn2IN51uFzNsf6E514YRJpwirI3f32UeVrriZ3c8u/mDGdRy9U0vHBdL7sTzTEHHo7fAAAl8eFy3w0THXyxCuQCltHiuaNPKjVtAG5/GI3u7mydLq1gH1tnNnWmipq/j1ng+GQkdKaz2QPrU27XYJ9hQuJ1w4EBD0mhGKtC/YAltyntXZae18SroXSUB3sq8KnzwM1qz/HYS+YSG2oa+p4DfKa/Z5oA+xGL/FzkikdQqrBSPrqPRbMln2SOW17I+NC2Qy+JQWPKKG2gjz2glv6THXFR5FIaRvPModB7gBD/0bHcidsAVuqR/ZAcyAXiAeR root@ubuntu-xenial
-----END SSH HOST KEY KEYS-----
[   77.538039] cloud-init[1442]: Cloud-init v. 18.3-9-g2e62cb8a-0ubuntu1~16.04.2 running 'modules:final' at Mon, 20 Aug 2018 02:43:47 +0000. Up 76.78 seconds.
[   77.538462] cloud-init[1442]: ci-info: no authorized ssh keys fingerprints found for user ubuntu.
[   77.538760] cloud-init[1442]: Cloud-init v. 18.3-9-g2e62cb8a-0ubuntu1~16.04.2 finished at Mon, 20 Aug 2018 02:43:47 +0000. Datasource DataSourceNoCloud [seed=/dev/sdb][dsmode=net].  Up 77.51 seconds
