[    0.000000] Initializing cgroup subsys cpuset
[    0.000000] Initializing cgroup subsys cpu
[    0.000000] Initializing cgroup subsys cpuacct
[    0.000000] Linux version 4.4.0-133-generic (buildd@lgw01-amd64-029) (gcc version 5.4.0 20160609 (Ubuntu 5.4.0-6ubuntu1~16.04.10) ) #159-Ubuntu SMP Fri Aug 10 07:31:43 UTC 2018 (Ubuntu 4.4.0-133.159-generic 4.4.134)
[    0.000000] Command line: BOOT_IMAGE=/boot/vmlinuz-4.4.0-133-generic root=LABEL=cloudimg-rootfs ro console=tty1 console=ttyS0
[    0.000000] KERNEL supported cpus:
[    0.000000]   Intel GenuineIntel
[    0.000000]   AMD AuthenticAMD
[    0.000000]   Centaur CentaurHauls
[    0.000000] x86/fpu: xstate_offset[2]:  576, xstate_sizes[2]:  256
[    0.000000] x86/fpu: Supporting XSAVE feature 0x01: 'x87 floating point registers'
[    0.000000] x86/fpu: Supporting XSAVE feature 0x02: 'SSE registers'
[    0.000000] x86/fpu: Supporting XSAVE feature 0x04: 'AVX registers'
[    0.000000] x86/fpu: Enabled xstate features 0x7, context size is 832 bytes, using 'standard' format.
[    0.000000] x86/fpu: Using 'eager' FPU context switches.
[    0.000000] e820: BIOS-provided physical RAM map:
[    0.000000] BIOS-e820: [mem 0x0000000000000000-0x000000000009fbff] usable
[    0.000000] BIOS-e820: [mem 0x000000000009fc00-0x000000000009ffff] reserved
[    0.000000] BIOS-e820: [mem 0x00000000000f0000-0x00000000000fffff] reserved
[    0.000000] BIOS-e820: [mem 0x0000000000100000-0x000000003ffeffff] usable
[    0.000000] BIOS-e820: [mem 0x000000003fff0000-0x000000003fffffff] ACPI data
[    0.000000] BIOS-e820: [mem 0x00000000fec00000-0x00000000fec00fff] reserved
[    0.000000] BIOS-e820: [mem 0x00000000fee00000-0x00000000fee00fff] reserved
[    0.000000] BIOS-e820: [mem 0x00000000fffc0000-0x00000000ffffffff] reserved
[    0.000000] NX (Execute Disable) protection: active
[    0.000000] SMBIOS 2.5 present.
[    0.000000] Hypervisor detected: KVM
[    0.000000] e820: last_pfn = 0x3fff0 max_arch_pfn = 0x400000000
[    0.000000] MTRR: Disabled
[    0.000000] x86/PAT: MTRRs disabled, skipping PAT initialization too.
[    0.000000] CPU MTRRs all blank - virtualized system.
[    0.000000] x86/PAT: Configuration [0-7]: WB  WT  UC- UC  WB  WT  UC- UC  
[    0.000000] found SMP MP-table at [mem 0x0009fff0-0x0009ffff] mapped at [ffff88000009fff0]
[    0.000000] Scanning 1 areas for low memory corruption
[    0.000000] RAMDISK: [mem 0x3630c000-0x3717dfff]
[    0.000000] ACPI: Early table checksum verification disabled
[    0.000000] ACPI: RSDP 0x00000000000E0000 000024 (v02 VBOX  )
[    0.000000] ACPI: XSDT 0x000000003FFF0030 00003C (v01 VBOX   VBOXXSDT 00000001 ASL  00000061)
[    0.000000] ACPI: FACP 0x000000003FFF00F0 0000F4 (v04 VBOX   VBOXFACP 00000001 ASL  00000061)
[    0.000000] ACPI: DSDT 0x000000003FFF0470 0021FF (v02 VBOX   VBOXBIOS 00000002 INTL 20180105)
[    0.000000] ACPI: FACS 0x000000003FFF0200 000040
[    0.000000] ACPI: FACS 0x000000003FFF0200 000040
[    0.000000] ACPI: APIC 0x000000003FFF0240 00005C (v02 VBOX   VBOXAPIC 00000001 ASL  00000061)
[    0.000000] ACPI: SSDT 0x000000003FFF02A0 0001CC (v01 VBOX   VBOXCPUT 00000002 INTL 20180105)
[    0.000000] No NUMA configuration found
[    0.000000] Faking a node at [mem 0x0000000000000000-0x000000003ffeffff]
[    0.000000] NODE_DATA(0) allocated [mem 0x3ffeb000-0x3ffeffff]
[    0.000000] kvm-clock: Using msrs 4b564d01 and 4b564d00
[    0.000000] kvm-clock: cpu 0, msr 0:3ffe3001, primary cpu clock
[    0.000000] kvm-clock: using sched offset of 10404029861 cycles
[    0.000000] clocksource: kvm-clock: mask: 0xffffffffffffffff max_cycles: 0x1cd42e4dffb, max_idle_ns: 881590591483 ns
[    0.000000] Zone ranges:
[    0.000000]   DMA      [mem 0x0000000000001000-0x0000000000ffffff]
[    0.000000]   DMA32    [mem 0x0000000001000000-0x000000003ffeffff]
[    0.000000]   Normal   empty
[    0.000000]   Device   empty
[    0.000000] Movable zone start for each node
[    0.000000] Early memory node ranges
[    0.000000]   node   0: [mem 0x0000000000001000-0x000000000009efff]
[    0.000000]   node   0: [mem 0x0000000000100000-0x000000003ffeffff]
[    0.000000] Initmem setup node 0 [mem 0x0000000000001000-0x000000003ffeffff]
[    0.000000] ACPI: PM-Timer IO Port: 0x4008
[    0.000000] IOAPIC[0]: apic_id 2, version 32, address 0xfec00000, GSI 0-23
[    0.000000] ACPI: INT_SRC_OVR (bus 0 bus_irq 0 global_irq 2 dfl dfl)
[    0.000000] ACPI: INT_SRC_OVR (bus 0 bus_irq 9 global_irq 9 low level)
[    0.000000] Using ACPI (MADT) for SMP configuration information
[    0.000000] smpboot: Allowing 2 CPUs, 0 hotplug CPUs
[    0.000000] PM: Registered nosave memory: [mem 0x00000000-0x00000fff]
[    0.000000] PM: Registered nosave memory: [mem 0x0009f000-0x0009ffff]
[    0.000000] PM: Registered nosave memory: [mem 0x000a0000-0x000effff]
[    0.000000] PM: Registered nosave memory: [mem 0x000f0000-0x000fffff]
[    0.000000] e820: [mem 0x40000000-0xfebfffff] available for PCI devices
[    0.000000] Booting paravirtualized kernel on KVM
[    0.000000] clocksource: refined-jiffies: mask: 0xffffffff max_cycles: 0xffffffff, max_idle_ns: 7645519600211568 ns
[    0.000000] setup_percpu: NR_CPUS:512 nr_cpumask_bits:512 nr_cpu_ids:2 nr_node_ids:1
[    0.000000] PERCPU: Embedded 34 pages/cpu @ffff88003fc00000 s99544 r8192 d31528 u1048576
[    0.000000] PV qspinlock hash table entries: 256 (order: 0, 4096 bytes)
[    0.000000] Built 1 zonelists in Node order, mobility grouping on.  Total pages: 257912
[    0.000000] Policy zone: DMA32
[    0.000000] Kernel command line: BOOT_IMAGE=/boot/vmlinuz-4.4.0-133-generic root=LABEL=cloudimg-rootfs ro console=tty1 console=ttyS0
[    0.000000] PID hash table entries: 4096 (order: 3, 32768 bytes)
[    0.000000] Memory: 997712K/1048120K available (8550K kernel code, 1314K rwdata, 4004K rodata, 1528K init, 1316K bss, 50408K reserved, 0K cma-reserved)
[    0.000000] SLUB: HWalign=64, Order=0-3, MinObjects=0, CPUs=2, Nodes=1
[    0.000000] Kernel/User page tables isolation: enabled
[    0.000000] Hierarchical RCU implementation.
[    0.000000] 	Build-time adjustment of leaf fanout to 64.
[    0.000000] 	RCU restricting CPUs from NR_CPUS=512 to nr_cpu_ids=2.
[    0.000000] RCU: Adjusting geometry for rcu_fanout_leaf=64, nr_cpu_ids=2
[    0.000000] NR_IRQS:33024 nr_irqs:440 16
[    0.000000] Console: colour VGA+ 80x25
[    0.000000] console [tty1] enabled
[    0.000000] console [ttyS0] enabled
[    0.000000] tsc: Detected 2711.984 MHz processor
[    9.455753] Calibrating delay loop (skipped) preset value.. 5423.96 BogoMIPS (lpj=10847936)
[    9.504902] pid_max: default: 32768 minimum: 301
[    9.558285] ACPI: Core revision 20150930
[    9.617947] ACPI: 2 ACPI AML tables successfully acquired and loaded
[    9.661926] Security Framework initialized
[    9.699750] Yama: becoming mindful.
[    9.745374] AppArmor: AppArmor initialized
[    9.784233] Dentry cache hash table entries: 131072 (order: 8, 1048576 bytes)
[    9.845340] Inode-cache hash table entries: 65536 (order: 7, 524288 bytes)
[    9.913043] Mount-cache hash table entries: 2048 (order: 2, 16384 bytes)
[   10.049501] Mountpoint-cache hash table entries: 2048 (order: 2, 16384 bytes)
[   10.148408] Initializing cgroup subsys io
[   10.182516] Initializing cgroup subsys memory
[   10.232839] Initializing cgroup subsys devices
[   10.305181] Initializing cgroup subsys freezer
[   10.360346] Initializing cgroup subsys net_cls
[   10.395955] Initializing cgroup subsys perf_event
[   10.420530] Initializing cgroup subsys net_prio
[   10.455869] Initializing cgroup subsys hugetlb
[   10.517582] Initializing cgroup subsys pids
[   10.581515] mce: CPU supports 0 MCE banks
[   10.632257] Last level iTLB entries: 4KB 64, 2MB 8, 4MB 8
[   10.691653] Last level dTLB entries: 4KB 64, 2MB 0, 4MB 0, 1GB 4
[   10.753635] Spectre V2 : Mitigation: Full generic retpoline
[   10.812010] Spectre V2 : Speculation control IBPB not-supported IBRS not-supported
[   10.941390] Spectre V2 : Filling RSB on context switch
[   11.022459] Speculative Store Bypass: Vulnerable
[   11.150908] Freeing SMP alternatives memory: 32K
[   11.406354] ftrace: allocating 32262 entries in 127 pages
[   12.274485] smpboot: APIC(0) Converting physical 0 to logical package 0
[   12.341586] smpboot: Max logical packages: 1
[   12.393298] x2apic enabled
[   12.443056] Switched APIC routing to physical x2apic.
[   12.514485] ..TIMER: vector=0x30 apic1=0 pin1=2 apic2=-1 pin2=-1
[   12.705412] smpboot: CPU0: Intel(R) Core(TM) i7-6820HQ CPU @ 2.70GHz (family: 0x6, model: 0x5e, stepping: 0x3)
[   12.887341] Performance Events: unsupported p6 CPU model 94 no PMU driver, software events only.
[   12.981270] KVM setup paravirtual spinlock
[   13.031075] x86: Booting SMP configuration:
[   13.075751] .... node  #0, CPUs:      #1
[   13.105366] kvm-clock: cpu 1, msr 0:3ffe3041, secondary cpu clock
[   13.198295] mce: CPU supports 0 MCE banks
[   13.238458] x86: Booted up 1 node, 2 CPUs
[   13.268358] smpboot: Total of 2 processors activated (10847.93 BogoMIPS)
[   13.310112] devtmpfs: initialized
[   13.357379] evm: security.selinux
[   13.375236] evm: security.SMACK64
[   13.395453] evm: security.SMACK64EXEC
[   13.416156] evm: security.SMACK64TRANSMUTE
[   13.438588] evm: security.SMACK64MMAP
[   13.468264] evm: security.ima
[   13.506389] evm: security.capability
[   13.564752] clocksource: jiffies: mask: 0xffffffff max_cycles: 0xffffffff, max_idle_ns: 7645041785100000 ns
[   13.662735] futex hash table entries: 512 (order: 3, 32768 bytes)
[   13.713031] pinctrl core: initialized pinctrl subsystem
[   13.760793] RTC time:  2:05:20, date: 08/20/18
[   13.796712] NET: Registered protocol family 16
[   13.872474] cpuidle: using governor ladder
[   13.912183] cpuidle: using governor menu
[   13.951375] PCCT header not found.
[   13.972579] ACPI: bus type PCI registered
[   14.021836] acpiphp: ACPI Hot Plug PCI Controller Driver version: 0.5
[   14.121079] PCI: Using configuration type 1 for base access
[   14.222893] ACPI: Added _OSI(Module Device)
[   14.293228] ACPI: Added _OSI(Processor Device)
[   14.334686] ACPI: Added _OSI(3.0 _SCP Extensions)
[   14.397655] ACPI: Added _OSI(Processor Aggregator Device)
[   14.467233] ACPI: Executed 1 blocks of module-level executable AML code
[   14.566746] ACPI: Interpreter enabled
[   14.585634] ACPI: (supports S0 S5)
[   14.605930] ACPI: Using IOAPIC for interrupt routing
[   14.648817] PCI: Using host bridge windows from ACPI; if necessary, use "pci=nocrs" and report a bug
[   14.752755] ACPI: PCI Root Bridge [PCI0] (domain 0000 [bus 00-ff])
[   14.804737] acpi PNP0A03:00: _OSC: OS supports [ASPM ClockPM Segments MSI]
[   14.873076] acpi PNP0A03:00: _OSC: not requesting OS control; OS requires [ExtendedConfig ASPM ClockPM MSI]
[   14.959794] acpi PNP0A03:00: fail to add MMCONFIG information, can't access extended PCI configuration space under this bridge.
[   15.028755] PCI host bridge to bus 0000:00
[   15.085699] pci_bus 0000:00: root bus resource [io  0x0000-0x0cf7 window]
[   15.139206] pci_bus 0000:00: root bus resource [io  0x0d00-0xffff window]
[   15.187862] pci_bus 0000:00: root bus resource [mem 0x000a0000-0x000bffff window]
[   15.272951] pci_bus 0000:00: root bus resource [mem 0x40000000-0xfdffffff window]
[   15.338997] pci_bus 0000:00: root bus resource [bus 00-ff]
[   15.392979] pci 0000:00:01.1: legacy IDE quirk: reg 0x10: [io  0x01f0-0x01f7]
[   15.471907] pci 0000:00:01.1: legacy IDE quirk: reg 0x14: [io  0x03f6]
[   15.541797] pci 0000:00:01.1: legacy IDE quirk: reg 0x18: [io  0x0170-0x0177]
[   15.657522] pci 0000:00:01.1: legacy IDE quirk: reg 0x1c: [io  0x0376]
[   16.174528] pci 0000:00:07.0: quirk: [io  0x4000-0x403f] claimed by PIIX4 ACPI
[   16.282823] pci 0000:00:07.0: quirk: [io  0x4100-0x410f] claimed by PIIX4 SMB
[   16.539316] ACPI: PCI Interrupt Link [LNKA] (IRQs 5 9 10 *11)
[   16.577793] ACPI: PCI Interrupt Link [LNKB] (IRQs 5 9 *10 11)
[   16.622944] ACPI: PCI Interrupt Link [LNKC] (IRQs 5 *9 10 11)
[   16.663646] ACPI: PCI Interrupt Link [LNKD] (IRQs 5 9 10 *11)
[   16.693504] ACPI: Enabled 2 GPEs in block 00 to 07
[   16.773956] vgaarb: setting as boot device: PCI:0000:00:02.0
[   16.814208] vgaarb: device added: PCI:0000:00:02.0,decodes=io+mem,owns=io+mem,locks=none
[   16.871877] vgaarb: loaded
[   16.886807] vgaarb: bridge control possible 0000:00:02.0
[   16.932196] SCSI subsystem initialized
[   16.958558] ACPI: bus type USB registered
[   16.992810] usbcore: registered new interface driver usbfs
[   17.031195] usbcore: registered new interface driver hub
[   17.070021] usbcore: registered new device driver usb
[   17.138200] PCI: Using ACPI for IRQ routing
[   17.189863] NetLabel: Initializing
[   17.224846] NetLabel:  domain hash size = 128
[   17.259897] NetLabel:  protocols = UNLABELED CIPSOv4
[   17.301571] NetLabel:  unlabeled traffic allowed by default
[   17.334515] amd_nb: Cannot enumerate AMD northbridges
[   17.376125] clocksource: Switched to clocksource kvm-clock
[   17.450442] AppArmor: AppArmor Filesystem Enabled
[   17.648181] pnp: PnP ACPI init
[ 17.685220] pnp: PnP ACPI: found 3 devices
[   18.289060] clocksource: acpi_pm: mask: 0xffffff max_cycles: 0xffffff, max_idle_ns: 2085701024 ns
[   18.381640] NET: Registered protocol family 2
[   18.475044] TCP established hash table entries: 8192 (order: 4, 65536 bytes)
[   18.814839] TCP bind hash table entries: 8192 (order: 5, 131072 bytes)
[   18.973481] TCP: Hash tables configured (established 8192 bind 8192)
[   19.065722] UDP hash table entries: 512 (order: 2, 16384 bytes)
[   19.244387] UDP-Lite hash table entries: 512 (order: 2, 16384 bytes)
[   19.403489] NET: Registered protocol family 1
[   19.500884] pci 0000:00:00.0: Limiting direct PCI/PCI transfers
[   19.653876] pci 0000:00:01.0: Activating ISA DMA hang workarounds
[   19.864028] Unpacking initramfs...
[   21.122013] Freeing initrd memory: 14792K
[   21.172973] platform rtc_cmos: registered platform RTC device (no PNP device found)
[   21.239832] Scanning for low memory corruption every 60 seconds
[   21.332544] audit: initializing netlink subsys (disabled)
[   21.377237] audit: type=2000 audit(1534730723.923:1): initialized
[   21.432211] Initialise system trusted keyring
[   21.511064] HugeTLB registered 2 MB page size, pre-allocated 0 pages
[   21.607294] zbud: loaded
[   21.639330] VFS: Disk quotas dquot_6.6.0
[   21.760882] VFS: Dquot-cache hash table entries: 512 (order 0, 4096 bytes)
[   21.892225] squashfs: version 4.0 (2009/01/31) Phillip Lougher
[   22.101957] fuse init (API version 7.23)
[   22.210074] Key type big_key registered
[   22.251600] Allocating IMA MOK and blacklist keyrings.
[   22.391551] Key type asymmetric registered
[   22.510877] Asymmetric key parser 'x509' registered
[   22.589948] Block layer SCSI generic (bsg) driver version 0.4 loaded (major 249)
[   22.691212] io scheduler noop registered
[   22.764476] io scheduler deadline registered (default)
[   22.804458] io scheduler cfq registered
[   22.838491] pci_hotplug: PCI Hot Plug PCI Core version: 0.5
[   22.878360] pciehp: PCI Express Hot Plug Controller Driver version: 0.4
[   23.000925] ACPI: AC Adapter [AC] (on-line)
[   23.037584] input: Power Button as /devices/LNXSYSTM:00/LNXPWRBN:00/input/input0
[   23.270719] ACPI: Power Button [PWRF]
[   23.284527] input: Sleep Button as /devices/LNXSYSTM:00/LNXSLPBN:00/input/input1
[   23.431278] ACPI: Sleep Button [SLPF]
[   23.469812] GHES: HEST is not enabled!
[   23.546286] Serial: 8250/16550 driver, 32 ports, IRQ sharing enabled
[   23.780135] 00:02: ttyS0 at I/O 0x3f8 (irq = 4, base_baud = 115200) is a 16550A
[   24.000452] Linux agpgart interface v0.103
[   24.073417] loop: module loaded
[   24.089160] scsi host0: ata_piix
[   24.147694] scsi host1: ata_piix
[   24.155805] ata1: PATA max UDMA/33 cmd 0x1f0 ctl 0x3f6 bmdma 0xd000 irq 14
[   24.267933] ata2: PATA max UDMA/33 cmd 0x170 ctl 0x376 bmdma 0xd008 irq 15
[   24.368693] libphy: Fixed MDIO Bus: probed
[   24.400152] tun: Universal TUN/TAP device driver, 1.6
[   24.456161] tun: (C) 1999-2004 Max Krasnyansky <maxk@qualcomm.com>
[   24.493689] PPP generic driver version 2.4.2
[   24.520504] ehci_hcd: USB 2.0 'Enhanced' Host Controller (EHCI) Driver
[   24.648111] ehci-pci: EHCI PCI platform driver
[   24.768395] ehci-platform: EHCI generic platform driver
[   24.808614] ohci_hcd: USB 1.1 'Open' Host Controller (OHCI) Driver
[   24.869605] ohci-pci: OHCI PCI platform driver
[   24.927100] ohci-platform: OHCI generic platform driver
[   24.991603] uhci_hcd: USB Universal Host Controller Interface driver
[   25.067784] i8042: PNP: PS/2 Controller [PNP0303:PS2K,PNP0f03:PS2M] at 0x60,0x64 irq 1,12
[   25.339685] serio: i8042 KBD port at 0x60,0x64 irq 1
[   25.427382] serio: i8042 AUX port at 0x60,0x64 irq 12
[   25.519882] mousedev: PS/2 mouse device common for all mice
[   25.665753] rtc_cmos rtc_cmos: rtc core: registered rtc_cmos as rtc0
[   25.749028] rtc_cmos rtc_cmos: alarms up to one day, 114 bytes nvram
[   25.835721] input: AT Translated Set 2 keyboard as /devices/platform/i8042/serio0/input/input2
[   26.033043] i2c /dev entries driver
[   26.078047] device-mapper: uevent: version 1.0.3
[   26.210335] device-mapper: ioctl: 4.34.0-ioctl (2015-10-28) initialised: dm-devel@redhat.com
[   26.312493] ledtrig-cpu: registered to indicate activity on CPUs
[   26.372754] NET: Registered protocol family 10
[   26.451710] NET: Registered protocol family 17
[   26.537132] Key type dns_resolver registered
[   2.60878] registered taskstats version 1
[   27.376750] Loading compiled-in X.509 certificates
[   27.673869] Loaded X.509 cert 'Build time autogenerated kernel key: 2bd7eec8ea2fedbeeda78e0b663eb647cf617c40'
[   27.960931] zswap: loaded using pool lzo/zbud
[   28.130283] Key type trusted registered
[   28.163993] Key type encrypted registered
[   28.177920] AppArmor: AppArmor sha1 policy hashing enabled
[   28.218105] ima: No TPM chip found, activating TPM-bypass!
[   28.265212] ima: Allocated hash algorithm: sha1
[   28.291188] evm: HMAC attrs: 0x1
[   28.344554]   Magic number: 14:237:56
[   28.420909] input mice: hash matches
[   28.456574] rtc_cmos rtc_cmos: setting system clock to 2018-08-20 02:05:34 UTC (1534730734)
[   28.524170] BIOS EDD facility v0.16 2004-Jun-25, 0 devices found
[   28.572673] EDD information not available.
[   28.619196] Freeing unused kernel memory: 1528K
[   29.172663] Write protecting the kernel read-only data: 14336k
[   29.211021] Freeing unused kernel memory: 1676K
[   29.249294] Freeing unused kernel memory: 92K
Loading, please wait...
starting version 229
[   29.336186] random: udevadm: uninitialized urandom read (16 bytes read, 9 bits of entropy available)
[   29.337377] random: systemd-udevd: uninitialized urandom read (16 bytes read, 9 bits of entropy available)
[   29.337526] random: systemd-udevd: uninitialized urandom read (16 bytes read, 9 bits of entropy available)
[   29.337549] random: systemd-udevd: uninitialized urandom read (16 bytes read, 9 bits of entropy available)
[   29.337576] random: systemd-udevd: uninitialized urandom read (16 bytes read, 9 bits of entropy available)
[   30.182306] random: udevadm: uninitialized urandom read (16 bytes read, 9 bits of entropy available)
[   30.276048] random: systemd-udevd: uninitialized urandom read (16 bytes read, 9 bits of entropy available)
[   30.333607] random: systemd-udevd: uninitialized urandom read (16 bytes read, 9 bits of entropy available)
[   30.375395] random: systemd-udevd: uninitialized urandom read (16 bytes read, 9 bits of entropy available)
[   30.377770] random: udevadm: uninitialized urandom read (16 bytes read, 9 bits of entropy available)
[   30.709894] e1000: Intel(R) PRO/1000 Network Driver - version 7.3.21-k8-NAPI
[   30.827007] e1000: Copyright (c) 1999-2006 Intel Corporation.
[   31.043304] Fusion MPT base driver 3.04.20
[   31.181408] Copyright (c) 1999-2008 LSI Corporation
[   31.382569] AVX2 version of gcm_enc/dec engaged.
[   31.490772] AES CTR mode by8 optimization enabled
[   31.585272] Fusion MPT SPI Host driver 3.04.20
[   31.799718] input: ImExPS/2 Generic Explorer Mouse as /devices/platform/i8042/serio1/input/input4
[   33.064703] e1000 0000:00:03.0 eth0: (PCI:33MHz:32-bit) 02:48:3e:15:b5:0c
[   33.169427] e1000 0000:00:03.0 eth0: Intel(R) PRO/1000 Network Connection
[   33.319296] mptbase: ioc0: Initiating bringup
[   33.323745] e1000 0000:00:03.0 enp0s3: renamed from eth0
[   33.559197] ioc0: LSI53C1030 A0: Capabilities={Initiator}
[   33.837237] scsi host2: ioc0: LSI53C1030 A0, FwRev=00000000h, Ports=1, MaxQ=256, IRQ=20
[   34.233120] scsi 2:0:0:0: Direct-Access     VBOX     HARDDISK         1.0  PQ: 0 ANSI: 5
[   34.307842] scsi target2:0:0: Beginning Domain Validation
[   34.365321] scsi target2:0:0: Domain Validation skipping write tests
[   34.532454] scsi target2:0:0: Ending Domain Validation
[   34.837723] scsi target2:0:0: asynchronous
[   34.913565] scsi 2:0:1:0: Direct-Access     VBOX     HARDDISK         1.0  PQ: 0 ANSI: 5
[   35.001364] scsi target2:0:1: Beginning Domain Validation
[   35.102272] scsi target2:0:1: Domain Validation skipping write tests
[   35.570450] scsi target2:0:1: Ending Domain Validation
[   35.633154] scsi target2:0:1: asynchronous
[   35.752219] sd 2:0:0:0: Attached scsi generic sg0 type 0
[   35.788025] sd 2:0:0:0: [sda] 20971520 512-byte logical blocks: (10.7 GB/10.0 GiB)
[   35.792392] sd 2:0:1:0: Attached scsi generic sg1 type 0
[   35.793700] sd 2:0:1:0: [sdb] 20480 512-byte logical blocks: (10.5 MB/10.0 MiB)
[   35.799226] sd 2:0:1:0: [sdb] Write Protect is off
[   35.800993] sd 2:0:1:0: [sdb] Incomplete mode parameter data
[   35.800997] sd 2:0:1:0: [sdb] Assuming drive cache: write through
[   35.834099] sd 2:0:1:0: [sdb] Attached SCSI disk
[   36.276265] sd 2:0:0:0: [sda] Write Protect is off
[   36.343242] sd 2:0:0:0: [sda] Incomplete mode parameter data
[   36.468721] sd 2:0:0:0: [sda] Assuming drive cache: write through
[   36.574337]  sda: sda1
[   36.624650] sd 2:0:0:0: [sda] Attached SCSI disk
Begin: Loading essential drivers ... [   43.845942] md: linear personality registered for level -1
[   43.899481] md: multipath personality registered for level -4
[   43.973664] md: raid0 personality registered for level 0
[   44.033606] md: raid1 personality registered for level 1
[   44.164174] raid6: sse2x1   gen()  1602 MB/s
[   44.276778] raid6: sse2x1   xor()  1139 MB/s
[   44.396355] raid6: sse2x2   gen()  1969 MB/s
[   44.512866] raid6: sse2x2   xor()  1547 MB/s
[   44.624344] raid6: sse2x4   gen()  2199 MB/s
[   44.756932] raid6: sse2x4   xor()  1483 MB/s
[   44.868445] raid6: avx2x1   gen()  3554 MB/s
[   44.968227] raid6: avx2x2   gen()  3891 MB/s
[   45.076390] raid6: avx2x4   gen()  4932 MB/s
[   45.118056] raid6: using algorithm avx2x4 gen() 4932 MB/s
[   45.167190] raid6: using avx2x2 recovery algorithm
[   45.231253] xor: automatically using best checksumming function:
[   45.316819]    avx       :  5932.000 MB/sec
[   45.358794] async_tx: api initialized (async)
[   45.479822] md: raid6 personality registered for level 6
[   45.536400] md: raid5 personality registered for level 5
[   45.621434] md: raid4 personality registered for level 4
[   45.759908] md: raid10 personality registered for level 10
done.
Begin: Running /scripts/init-premount ... done.
Begin: Mounting root file system ... Begin: Running /scripts/local-top ... done.
Begin: Running /scripts/local-premount ... [   46.062043] Btrfs loaded
Scanning for Btrfs filesystems
done.
Warning: fsck not present, so skipping root file[   46.354550] EXT4-fs (sda1): mounted filesystem with ordered data mode. Opts: (null)
 system
done.
Begin: Running /scripts/local-bottom ... done.
Begin: Running /scripts/init-bottom ... done.
[   46.971700] systemd[1]: systemd 229 running in system mode. (+PAM +AUDIT +SELINUX +IMA +APPARMOR +SMACK +SYSVINIT +UTMP +LIBCRYPTSETUP +GCRYPT +GNUTLS +ACL +XZ -LZ4 +SECCOMP +BLKID +ELFUTILS +KMOD -IDN)
[   47.105428] systemd[1]: Detected virtualization oracle.
[   47.127178] systemd[1]: Detected architecture x86-64.
[   47.181989] random: nonblocking pool is initialized

Welcome to [1mUbuntu 16.04.5 LTS[0m!

[   47.248711] systemd[1]: Set hostname to <ubuntu>.
[   47.303568] systemd[1]: Initializing machine ID from random generator.
[   47.345459] systemd[1]: Installed transient /etc/machine-id file.
[   47.976413] systemd[1]: Listening on udev Control Socket.
[[0;32m  OK  [0m] Listening on udev Control Socket.
[   48.046006] systemd[1]: Lstening on Journal Socket (/dev/log).
[[0;32m  OK  [0m] Listening on Journal Socket (/dev/log).
[   48.434997] systemd[1]: Reached target User and Group Name Lookups.
[[0;32m  OK  [0m] Reached target User and Group Name Lookups.
[   48.713029] systemd[1]: Listening on Device-mapper event daemon FIFOs.
[[0;32m  OK  [0m] Listening on Device-mapper event daemon FIFOs.
[   48.818113] systemd[1]: Listening on Journal Socket.
[[0;32m  OK  [0m] Listening on Journal Socket.
[   48.944679] syste[1]: Listening on LVM2 metadata daemon socket.
[[0;32m  OK  [0m] Listening on LVM2 metadata daemon socket.
[   49.714377] systemd[1]: Listening on LVM2 poll daemon socket.
[[0;32m  OK  [0m] Listening on LVM2 poll daemon socket.
[   49.969515] systemd[1]: Listening on udev Kernel Socket.
[[0;32m  OK  [0m] Listening on udev Kernel Socket.
[   50.082701] systemd[1]: Listening on Syslog Socket.
[[0;32m  OK  [0m] Listening on Syslog Socket.
[   50.165869] systemd[1]: Started Trigger resolvconf update for networkd DNS.
[[0;32m  OK  [0m] Started Trigger resolvconf update for networkd DNS.
[   50.285739] systemd[1]: Set up automount Arbitrary Executable File Formats File System Automount Point.
[[0;32m  OK  [0m] Set up automount Arbitrary Executab...ats File System Automount Point.
[   50.458254] systemd[1]: Listening on Jornal Audit Socket.
[[0;32m  OK  [0m] Listening on Journal Audit Socket.
[   51.682075] systemd[1]: Reached target Encrypted Volumes.
[[0;32m  OK  [0m] Reached target Encrypted Volumes.
[   51.976904] systemd[1]: Reached target Swap.
[[0;32m  OK  [0m] Reached target Swap.
[   52.126366] systemd[1]: Started Forward Password Requests to Wall Directory Watch.
[[0;32m  OK  [0m] Started Forward Password Requests to Wall Directory Watch.
[   52.587349] systemd[1]: Created slice System Slice.
[[0;32m  OK  [0m] Created slice System Slice.
[   52.781255] systemd[1]: Starting Load Kernel Modules...
         Starting Load Kernel Modules...[   52.888686] Loading iSCSI transport class v2.0-870.

[   53.008709] systemd[1]: Starting Nameserver information manager...
         Starting Nameser[   53.081646] iscsi: registered transport (tcp)
ver information manager...
[   53.273428] systemd[1]: Starting Journal Service...
         Starting Journal Service...
[   53.455367] iscsi: registered transport (iser)
[   53.489299] systemd[1]: Mounting Huge Pages File System...
         Mounting Huge Pages File System...
[   53.592823] systemd[1]: Starting Uncomplicated firewall...
         Starting Uncomplicated firewall...
[   53.688973] systemd[1]: Starting Set console keymap...
         Starting Set console keymap...
[   53.804763] systemd[1]: Mounting POSIX Message Queue File System...
         Mounting POSIX Message Queue File System...
[   54.032719] systemd[1]: Starting Monitoring of LVM2 mirrors, snapshots etc. using dmeventd or progress polling...
         Starting Monitoring of LVM2 mirrors... dmeventd or progress polling...
[   54.212612] systemd[1]: Created slice system-serial\x2dgetty.slice.
[[0;32m  OK  [0m] Created slice system-serial\x2dgetty.slice.
[   54.349670] systemd[1]: Mounting Debug File System...
         Mounting Debug File System...
[   54.568232] systemd[1]: Listening on /dev/initctl Compatibility Named Pipe.
[[0;32m  OK  [0m] Listening on /dev/initctl Compatibility Named Pipe.
[   54.845238] systemd[1]: Starting Create list of required static device nodes for the current kernel...
         Starting Create list of required st... nodes for the current kernel...
[   55.006436] systemd[1]: Created slice User and Session Slice.
[[0;32m  OK  [0m] Created slice User and Session Slice.
[   55.482758] systemd[1]: Reached target Slices.
[[0;32m  OK  [0m] Reached target Slices.
[   55.608984] systemd[1]: Starting Remount Root and Kernel File Systems...
         [   55.729872] EXT4-fs (sda1): re-mounted. Opts: (null)
Starting Remount Root and Kernel File Systems...
[   55.956581] systemd[1]: Reached target System Time Synchronized.
[[0;32m  OK  [0m] Reached target System Time Synchronized.
[   56.479744] systemd[1]: Mounted Debug File System.
[[0;32m  OK  [0m] Mounted Debug File System.
[   56.582663] systemd[1]: Mouted POSIX Message Queue File System.
[[0;32m  OK  [0m] Mounted POSIX Message Queue File System.
[   56.993426] systemd[1]: Mounted Huge Pages File System.
[[0;32m  OK  [0m] Mounted Huge Pages File System.
[   57.070783] systemd[1]: Started Journal Service.
[[0;32m  OK  [0m] Started Journal Service.
[[0;32m  OK  [0m] Started Load Kernel Modules.
[[0;32m  OK  [0m] Started Uncomplicated firewall.
[[0;32m  OK  [0m] Started Set console keymap.
[[0;32m  OK  [0m] Started Create list of required sta...ce nodes for the current kernel.
[[0;32m  OK  [0m] Started Remount Root and Kernel File Systems.
[[0;32m  OK  [0m] Started Nameserver information manager.
[[0;32m  OK  [0m] Started LVM2 metadata daemon.
         Starting Load/Save Random Seed...
         Starting udev Coldplug all Devices...
         Starting Create Static Device Nodes in /dev...
         Mounting FUSE Control File System...
         Starting Apply Kernel Variables...
         Starting Flush Journal to Persistent Storage...
[[0;32m  OK  [0m] Mounted FUSE Control File System.
[[0;32m  OK  [0m] Started Monitoring of LVM2 mirrors,...ng dmeventd or progress polling.
[[0;32m  OK  [0m] Started Load/Save Random Seed.
[[0;32m  OK  [0m] Started Create Static Device Nodes in /dev.
[[0;32m  OK  [0m] Started Apply Kernel Variables.
[[0;32m  OK  [0m] Started udev Coldplug all Devices.
[[0;32m  OK  [0m] Started Flush Journal to Persistent Storage.
         Starting udev Kernel Device Manager...
[[0;32m  OK  [0m] Started udev Kernel Device Manager.
[[0;32m  OK  [0m] Reached target Local File Systems (Pre).
[[0;32m  OK  [0m] Reached target Local File Systems.
         Starting Tell Plymouth To Write Out Runtime Data...
         Starting Create Volatile Files and Directories...
         Starting Initial cloud-init job (pre-networking)...
         Starting Commit a transient machine-id on disk...
         Starting LSB: AppArmor initialization...
         Starting Set console font and keymap...
[[0;32m  OK  [0m] Started Dispatch Password Requests to Console Directory Watch.
[[0;32m  OK  [0m] Started Tell Plymouth To Write Out Runtime Data.
[[0;32m  OK  [0m] Started Create Volatile Files and Directories.
[[0;32m  OK  [0m] Started Commit a transient machine-id on disk.
         Starting Update UTMP about System Boot/Shutdown...
[[0;32m  OK  [0m] Started Update UTMP about System Boot/Shutdown.
[[0;32m  OK  [0m] Found device /dev/ttyS0.
[[0;32m  OK  [0m] Listening on Load/Save RF Kill Switch Status /dev/rfkill Watch.
[[0;32m  OK  [0m] Started LSB: AppArmor initialization.
[   46.494397] cloud-init[482]: Cloud-init v. 18.3-9-g2e62cb8a-0ubuntu1~16.04.2 running 'init-local' at Mon, 20 Aug 2018 02:06:07 +0000. Up 45.73 seconds.
[[0;32m  OK  [0m] Started Initial cloud-init job (pre-networking).
[[0;32m  OK  [0m] Reached target Network (Pre).
         Starting Raise network interfaces...
[[0;32m  OK  [0m] Started Set console font and keymap.
[[0;32m  OK  [0m] Created slice system-getty.slice.
[[0;32m  OK  [0m] Started Raise network interfaces.
[[0;32m  OK  [0m] Reached target Network.
         Starting Initial cloud-init job (metadata service crawler)...
[   60.544322] cloud-init[934]: Cloud-init v. 18.3-9-g2e62cb8a-0ubuntu1~16.04.2 running 'init' at Mon, 20 Aug 2018 02:06:20 +0000. Up 58.44 seconds.
[   60.569391] cloud-init[934]: ci-info: ++++++++++++++++++++++++++++++++++++++Net device info++++++++++++++++++++++++++++++++++++++
[   60.604567] cloud-init[934]: ci-info: +--------+------+----------------------------+---------------+--------+-------------------+[[0;32m  OK  [0m] Started Initial cloud-init job (metadata service crawler).

[[   60.675639] [0;32m  OK  [0m] Reached target Network is Online.
cloud-init[934]: ci-info: | Device |  Up  |          Address           |      Mask     | Scope  |     Hw-Address    |
[   60.781471] cloud-init[934]: ci-info: +--------+------+----------------------------+---------------+--------+-------------------+
[   60.783679] cloud-init[934]: ci-info: | enp0s3 | True |         10.0.2.15          | 255.255.255.0 | global | 02:48:3e:15:b5:0c |
         Starting iSCSI initiator daemon (iscsid)...
[   60.787999] cloud-init[934]: ci-info: | enp0s3 | True | fe80::48:3eff:fe15:b50c/64 |       .       |  link  | 02:48:3e:15:b5:0c |
[   61.655712] cloud-init[934]: ci-info: |   lo   | True |         127.0.0.1          |   255.0.0.0   |  host  |         .         |
[[0;32m  OK  [0m] Reached target System Initialization.
[   61.657218] cloud-init[934]: ci-info: |   lo   | True |          ::1/128           |       .       |  host  |         .         |
[   61.952060] cloud-init[934]: ci-info: +--------+------+----------------------------+---------------+--------+-------------------+
[   61.953644] cloud-init[934]: ci-info: +++++++++++++++++++++++++++Route IPv4 info++++++++++++++++++++++++++++
[[0;32m  OK  [0m] Listening on UUID daemon activation socket.
[   61.953775] cloud-init[934]: ci-info: +-------+-------------+----------+---------------+-----------+-------+
[   62.576853] cloud-init[934]: ci-info: | Route | Destination | Gateway  |    Genmask    | Interface | Flags |
[   62.579950] cloud-init[934]: ci-info: +-------+-------------+----------+---------------+-----------+-------+
[[0;32m  OK  [0m] Started Daily apt download activities.
[   62.582609] cloud-init[934]: ci-info: |   0   |   0.0.0.0   | 10.0.2.2 |    0.0.0.0    |   enp0s3  |   UG  |
[[0;32m  OK  [0m] Started Daily apt upgrade and clean activities.
[[0;32m  OK  [0m] Listening on ACPID Listen Socket.
[   62.582833] cloud-init[934]: ci-info: |   1   |   10.0.2.0  | 0.0.0.0  | 255.255.255.0 |   enp0s3  |   U   |
[   63.145911] cloud-init[934]: ci-info: +-------+-------------+----------+---------------+-----------+-------+
[   63.149765] cloud-init[934]: ci-info: +++++++++++++++++++Route IPv6 info+++++++++++++++++++
[   63.152798] cloud-init[934]: ci-info: +-------+-------------+---------+-----------+-------+
         Starting LXD - unix socket.
[   63.152936] cloud-init[934]: ci-info: | Route | Destination | Gateway | Interface | Flags |
[[0;32m  OK  [0m] Started Daily Cleanup of Temporary Directories.
[   63.631179] cloud-init[934]: ci-info: +-------+-------------+---------+-----------+-------+
[[0;32m  OK  [0m] Reached target Timers.
         Starting Socket activation for snappy daemon.
[   63.773898] cloud-init[934]: ci-info: |   0   |  fe80::/64  |    ::   |   enp0s3  |   U   |
[[   64.046099] cloud-init[934]: ci-info: |   4   |   ff00::/8  |    ::   |   enp0s3  |   U   |
[   64.051282] cloud-init[934]: ci-info: +-------+-------------+---------+-----------+-------+
[0;32m  OK  [0m] Started ACPI Events Check.
[   64.057909] cloud-init[934]: Generating public/private rsa key pair.
[   64.386393] cloud-init[934]: Your identification has been saved in /etc/ssh/ssh_host_rsa_key.
[   64.392556] cloud-init[934]: Your public key has been saved in /etc/ssh/ssh_host_rsa_key.pub.
[   64.392695] cloud-init[934]: The key fingerprint is:
[   64.392837] cloud-init[934]: SHA256:qHqG4qUqc7VjkFZa+aubdN2C+GnvLAxAi3PhuvACd/0 root@ubuntu-xenial
[   64.393011] cloud-init[934]: The key's randomart image is:
[   64.393128] cloud-init[934]: +---[RSA 2048]----+
[[0;32m  OK  [0m] Reached target Paths.
[   64.393270] cloud-init[934]: |                 |
[   64.393396] cloud-init[934]: |  o              |
[   64.393571] cloud-init[934]: | + o .           |
[   65.141871] cloud-init[934]: |o = +  .         |
[   65.146411] cloud-init[934]: | + * o. S        |
[   65.151716] cloud-init[934]: |+ * +ooo .       |
[[0;32m  OK  [0m] Listening on D-Bus System Message Bus Socket.
[[   65.152236] cloud-init[934]: |o= *++ooo .      |
[   65.717427] cloud-init[934]: |* *o*+=oE.       |
[0;32m  OK  [0m] Reached target Cloud-config availability.
[   65.720664] cloud-init[934]: |=B.++=o++        |
[   65.875832] cloud-init[934]: +----[SHA256]-----+
[   65.884057] cloud-init[934]: Generating public/private dsa key pair.
[[0;32m  OK  [0m] Listening on LXD - unix socket.
[   65.895281] cloud-init[934]: Your identification has been saved in /etc/ssh/ssh_host_dsa_key.
[   66.039790] cloud-init[934]: Your public key has been saved in /etc/ssh/ssh_host_dsa_key.pub.
[   66.041155] cloud-init[934]: The key fingerprint is:
[[0;32m  OK  [0m] Listening on Socket activation for snappy daemon.
[   66.041271] cloud-init[934]: SHA256:r2hRGuUxLRU7SS4vIZxuK7FdcA9XG1JTBSCc3YAPxDk root@ubuntu-xenial
[[0;32m  OK  [0m] Started iSCSI initiator daemon (iscsid).
[   66.432558] cloud-init[934]: The key's randomart image is:
[   66.629955] cloud-init[934]: +---[DSA 1024]----+
[   66.633591] cloud-init[934]: |         *BBB=oo.|
[   66.633722] cloud-init[934]: |     . .=oE*.+.  |
         Starting Login to default iSCSI targets...
[   66.636734] cloud-init[934]: |      =o=+*+.    |
[   66.822564] cloud-init[934]: |     ..+oB ..    |
[[0;32m  OK  [0m] Reached target Sockets.
[[0;32m  OK  [0m] Reached target Basic System.
[   66.831265] cloud-init[934]: |    . o+S o      |
         Starting Pollinate to seed the pseudo random number generator...
[   67.000656] cloud-init[934]: |     =oo o       |
         Starting Login Service...
[   67.165709] cloud-init[934]: |    o o.  .      |
[   67.283862] cloud-init[934]: |     ... .       |
[   67.366775] cloud-init[934]: |     .. .        |
[[0;32m  OK  [0m] Started Deferred execution scheduler.
[[0;32m  OK  [0m] Started Unattended Upgrades Shutdown.
[   67.373674] cloud-init[934]: +----[SHA256]-----+
[   67.635076] cloud-init[934]: Generating public/private ecdsa key pair.
         Starting Virtualbox guest utils...
[   67.641079] cloud-init[934]: Your identification has been saved in /etc/ssh/ssh_host_ecdsa_key.
[   67.887181] cloud-init[934]: Your public key has been saved in /etc/ssh/ssh_host_ecdsa_key.pub.
[   68.002195] cloud-init[934]: The key fingerprint is:
[   68.006472] cloud-init[934]: SHA256:/RF3vcqy9cjFkiJd2NNSU6+ATCod5FzW09Ce3niBda8 root@ubuntu-xenial
[   68.006626] cloud-init[934]: The key's randomart image is:
[[0;32m  OK  [0m] Started Regular background program processing daemon.
[   68.019082] cloud-init[934]: +---[ECDSA 256]---+
         Starting Accounts Service...
[   68.633412] cloud-init[934]: |       .o +..+  .|
         Starting LSB: Record successful boot for GRUB...
[   68.698369] cloud-init[934]: |       + B .o o.=|
         Starting Snappy daemon...
[   68.806897] cloud-init[934]: |      . = o oo++*|
         [   68.875357] cloud-init[934]: |       . .  o==++|
Starting LXD - container startup/shutdown...
[   69.007804]          Starting System Logging Service...
cloud-init[934]: |        S ...*.*.|
         Starting /etc/rc.local Compatibility...
[   69.139942] cloud-init[934]: |          ..o.E o|
         Starting LSB: MD monitoring daemon...
[   69.268772] cloud-init[934]: |         . +.* + |
[[0;32m  OK  [0m] Started FUSE filesystem for LXC.
[   69.463082] cloud-init[934]: |          . * =  |
[[0;32m  OK  [0m] Started D-Bus System Message Bus.
[   69.626177] cloud-init[934]: |           . o . |
[   69.734162] cloud-init[934]: +----[SHA256]-----+
[   69.806449] cloud-init[934]: Generating public/private ed25519 key pair.
[   69.890316] cloud-init[934]: Your identification has been saved in /etc/ssh/ssh_host_ed25519_key.
[[0;32m  OK  [0m[   69.989859] cloud-init[934]: Your public key has been saved in /etc/ssh/ssh_host_ed25519_key.pub.
[   69.997319] cloud-init[934]: The key fingerprint is:
[   69.997705] cloud-init[934]: SHA256:nXIAMt3Z9iHxNXCsbNMIp32Ra7hdC3IexWgvvGnUMUE root@ubuntu-xenial
[   69.998415] cloud-init[934]: The key's randomart image is:
[   69.998856] cloud-init[934]: +--[ED25519 256]--+
] Started ACPI event daemon.
[   69.999121] [cloud-init[0;32m  OK  [0m[934]: ] |    o... o...oBE.|Started System Logging Service.

[   70.471344] cloud-init[934]: |     o..o =.o=+* |
[[0;32m  OK  [0m] Started Snappy daemon.
[   70.547401] cloud-init[934]: |        .. O+*+oo|
[   70.547558] cloud-init[934]: |         o.oXB=o.|
[   70.547955] [cloud-init[0;32m  OK  [0m[934]: ] |        S +.=**..|Started Pollinate to seed the pseudo random number generator.

[   70.867074] cloud-init[934]: |         o  .=.. |
[[0;32m  OK  [0m] Started LXD - container startup/shutdown.
[   70.875496] cloud-init[934]: |            .    |
[   70.922814] cloud-init[934]: |                 |
[[0;32m  OK  [0m] Started /etc/rc.local Compatibility.
[   70.935533] cloud-init[934]: |                 |
[   71.154197] cloud-init[934]: +----[SHA256]-----+
[[0;32m  OK  [0m] Started Login to default iSCSI targets.
[[0;32m  OK  [0m] Started LSB: Record successful boot for GRUB.
[[0;32m  OK  [0m] Started Virtualbox guest utils.
[[0;32m  OK  [0m] Started LSB: MD monitoring daemon.
[[0;32m  OK  [0m] Started Login Service.
         Starting Authenticate and Authorize Users to Run Privileged Tasks...
[[0;32m  OK  [0m] Reached target Remote File Systems (Pre).
[[0;32m  OK  [0m] Reached target Remote File Systems.
         Starting LSB: automatic crash report generation...
         Starting LSB: daemon to balance interrupts for SMP systems...
         Starting Permit User Sessions...
         Starting LSB: Set the CPU Frequency Scaling governor to "ondemand"...
         Starting OpenBSD Secure Shell server...
         Starting Wait until snapd is fully seeded...
[[0;32m  OK  [0m] Started OpenBSD Secure Shell server.
[[0;32m  OK  [0m] Started Permit User Sessions.
[[0;32m  OK  [0m] Started Authenticate and Authorize Users to Run Privileged Tasks.
[[0;32m  OK  [0m] Started Accounts Service.
         Starting Terminate Plymouth Boot Screen...
         Starting Hold until boot process finishes up...
[[0;32m  OK  [0m] Started LSB: automatic crash report generation.
[[0;32m  OK  [0m] Started LSB: daemon to balance interrupts for SMP systems.
[[0;32m  OK  [0m] Started LSB: Set the CPU Frequency Scaling governor to "ondemand".
[[0;32m  OK  [0m] Started Terminate Plymouth Boot Screen.
[[0;32m  OK  [0m] Started Hold until boot process finishes up.
         Starting Set console scheme...
[[0;32m  OK  [0m] Started Getty on tty1.
[[0;32m  OK  [0m] Started Serial Getty on ttyS0.
[[0;32m  OK  [0m] Reached target Login Prompts.
[[0;32m  OK  [0m] Started Set console scheme.
[[0;32m  OK  [0m] Created slice User Slice of vagrant.
         Starting User Manager for UID 1000...
[[0;32m  OK  [0m] Started User Manager for UID 1000.
[[0;32m  OK  [0m] Started Session 1 of user vagrant.
[[0;32m  OK  [0m] Started Wait until snapd is fully seeded.
         Starting Apply the settings specified in cloud-config...
[[0;32m  OK  [0m] Reached target Multi-User System.
[[0;32m  OK  [0m] Reached target Graphical Interface.
         Starting Update UTMP about System Runlevel Changes...
[[0;32m  OK  [0m] Started Update UTMP about System Runlevel Changes.

Ubuntu 16.04.5 LTS ubuntu-xenial ttyS0

ubuntu-xenial login: [   79.153198] cloud-init[1396]: Generating locales (this might take a while)...
[   81.499587] cloud-init[1396]:   en_US.UTF-8... done
[   81.505647] cloud-init[1396]: Generation complete.
[   82.698985] cloud-init[1396]: Cloud-init v. 18.3-9-g2e62cb8a-0ubuntu1~16.04.2 running 'modules:config' at Mon, 20 Aug 2018 02:06:40 +0000. Up 78.54 seconds.
ci-info: no authorized ssh keys fingerprints found for user ubuntu.
<14>Aug 20 02:06:45 ec2: 
<14>Aug 20 02:06:45 ec2: #############################################################
<14>Aug 20 02:06:45 ec2: -----BEGIN SSH HOST KEY FINGERPRINTS-----
<14>Aug 20 02:06:45 ec2: 1024 SHA256:r2hRGuUxLRU7SS4vIZxuK7FdcA9XG1JTBSCc3YAPxDk root@ubuntu-xenial (DSA)
<14>Aug 20 02:06:45 ec2: 256 SHA256:/RF3vcqy9cjFkiJd2NNSU6+ATCod5FzW09Ce3niBda8 root@ubuntu-xenial (ECDSA)
<14>Aug 20 02:06:45 ec2: 256 SHA256:nXIAMt3Z9iHxNXCsbNMIp32Ra7hdC3IexWgvvGnUMUE root@ubuntu-xenial (ED25519)
<14>Aug 20 02:06:45 ec2: 2048 SHA256:qHqG4qUqc7VjkFZa+aubdN2C+GnvLAxAi3PhuvACd/0 root@ubuntu-xenial (RSA)
<14>Aug 20 02:06:45 ec2: -----END SSH HOST KEY FINGERPRINTS-----
<14>Aug 20 02:06:45 ec2: #############################################################
-----BEGIN SSH HOST KEY KEYS-----
ecdsa-sha2-nistp256 AAAAE2VjZHNhLXNoYTItbmlzdHAyNTYAAAAIbmlzdHAyNTYAAABBBNmw/H/qwy95ABBoM6OfMEVpMqv8uMwLLadlXkY81DLk3YBG214zv3R94roMOQKDmSUxUDoxxUIM0bjmlkGRFXM= root@ubuntu-xenial
ssh-ed25519 AAAAC3NzaC1lZDI1NTE5AAAAIPXov09DJXp6KxrmmXTc+buoMWHcGfU01RDey5DmHCKJ root@ubuntu-xenial
ssh-rsa AAAAB3NzaC1yc2EAAAADAQABAAABAQC8W8/KKYMwpXYRY2Dxe4rEEMd141ZpbU93ZxEk539jajxUFBSEqzr01BvHvZ8D8Azzw8kEKvvVAACAGe0EG7KA3h3D1dPkINspks7HkKvWyxYreug14DAcvOa/k53XtMt8YO2Q44Xj7wrxH+x8ax36bRZHq26177CVRSppoarBFMiW7sHspeZwtfPyWvH4J0lsSaLDpfu3g4LPDo4UypKa/VNF/lT0Tcbq91Zk9qx2RFhCludYFNXKbYlg5ICORYCEnI6Vk2qcHkJMYJJ6LmlbV5Cq+yOFXwS88HYGvrRD1ABCTq9r8neHGMX4v5bSrsezFilqc0V0cy+YXVejmplt root@ubuntu-xenial
-----END SSH HOST KEY KEYS-----
[   84.044254] cloud-init[1535]: Cloud-init v. 18.3-9-g2e62cb8a-0ubuntu1~16.04.2 running 'modules:final' at Mon, 20 Aug 2018 02:06:45 +0000. Up 83.55 seconds.
[   84.044960] cloud-init[1535]: ci-info: no authorized ssh keys fingerprints found for user ubuntu.
[   84.045365] cloud-init[1535]: Cloud-init v. 18.3-9-g2e62cb8a-0ubuntu1~16.04.2 finished at Mon, 20 Aug 2018 02:06:45 +0000. Datasource DataSourceNoCloud [seed=/dev/sdb][dsmode=net].  Up 84.01 seconds
